#
# A fatal error has been detected by the Java Runtime Environment:
#
#  EXCEPTION_ACCESS_VIOLATION (0xc0000005) at pc=0x00007ff9e1a4a480, pid=23004, tid=16392
#
# JRE version: Java(TM) SE Runtime Environment (21.0.2+13) (build 21.0.2+13-LTS-58)
# Java VM: Java HotSpot(TM) 64-Bit Server VM (21.0.2+13-LTS-58, mixed mode, sharing, tiered, compressed oops, compressed class ptrs, g1 gc, windows-amd64)
# Problematic frame:
# C  [igxelpicd64.dll+0x31a480]
#
# No core dump will be written. Minidumps are not enabled by default on client versions of Windows
#
# If you would like to submit a bug report, please visit:
#   https://bugreport.java.com/bugreport/crash.jsp
#

---------------  S U M M A R Y ------------

Command Line: -javaagent:C:\Program Files\JetBrains\IntelliJ IDEA 2023.3.6\lib\idea_rt.jar=51925:C:\Program Files\JetBrains\IntelliJ IDEA 2023.3.6\bin -Dfile.encoding=UTF-8 -Dsun.stdout.encoding=UTF-8 -Dsun.stderr.encoding=UTF-8 main.Main

Host: 12th Gen Intel(R) Core(TM) i5-12450H, 12 cores, 15G,  Windows 11 , 64 bit Build 22621 (10.0.22621.3672)
Time: Sat Jun 29 17:25:16 2024 Hora estándar, América Central elapsed time: 181.016433 seconds (0d 0h 3m 1s)

---------------  T H R E A D  ---------------

Current thread (0x000001f2f75b5310):  VMThread "VM Thread"          [id=16392, stack(0x000000bc35700000,0x000000bc35800000) (1024K)]

Stack: [0x000000bc35700000,0x000000bc35800000],  sp=0x000000bc357feb00,  free space=1018k
Native frames: (J=compiled Java code, j=interpreted, Vv=VM code, C=native code)
C  [igxelpicd64.dll+0x31a480]


siginfo: EXCEPTION_ACCESS_VIOLATION (0xc0000005), reading address 0x0000000000000018


Registers:
RAX=0x0000000000000000, RBX=0x000001f2fc9f5050, RCX=0x0000000000000000, RDX=0x000001f2fcbab0c0
RSP=0x000000bc357feb00, RBP=0x0000000000000004, RSI=0x0000000000000001, RDI=0x000001f2fcbab0c0
R8 =0x000001f2d6665400, R9 =0x0000000000000001, R10=0x0000000000000003, R11=0x000000bc357fe910
R12=0x0000000000000000, R13=0x0000000000000014, R14=0x0000000000000000, R15=0x0000000000000000
RIP=0x00007ff9e1a4a480, EFLAGS=0x0000000000010206


Register to memory mapping:

RAX=0x0 is null
RBX=0x000001f2fc9f5050 points into unknown readable memory: 0xffffffffffffffff | ff ff ff ff ff ff ff ff
RCX=0x0 is null
RDX=0x000001f2fcbab0c0 points into unknown readable memory: 0x000001f2fcae5e00 | 00 5e ae fc f2 01 00 00
RSP=0x000000bc357feb00 points into unknown readable memory: 0x00000000000000fe | fe 00 00 00 00 00 00 00
RBP=0x0000000000000004 is an unknown value
RSI=0x0000000000000001 is an unknown value
RDI=0x000001f2fcbab0c0 points into unknown readable memory: 0x000001f2fcae5e00 | 00 5e ae fc f2 01 00 00
R8 =0x000001f2d6665400 points into unknown readable memory: 0x000001f2d6660cc0 | c0 0c 66 d6 f2 01 00 00
R9 =0x0000000000000001 is an unknown value
R10=0x0000000000000003 is an unknown value
R11=0x000000bc357fe910 points into unknown readable memory: 0x0000000000000000 | 00 00 00 00 00 00 00 00
R12=0x0 is null
R13=0x0000000000000014 is an unknown value
R14=0x0 is null
R15=0x0 is null

Top of Stack: (sp=0x000000bc357feb00)
0x000000bc357feb00:   00000000000000fe 0000000000000000
0x000000bc357feb10:   0000000000000000 0000000000000014
0x000000bc357feb20:   0000000000000000 0000000000000000
0x000000bc357feb30:   000001f2fcbab0c0 0000000000000001
0x000000bc357feb40:   0000000000000004 00007ff9e1a5a86d
0x000000bc357feb50:   000001f2fc9f5050 000001f2fc9f5050
0x000000bc357feb60:   000001f2fc9f5050 0000000000000001
0x000000bc357feb70:   0000000000000000 000000bc357fec98
0x000000bc357feb80:   0000000000000001 0000000000000000
0x000000bc357feb90:   0000000000000020 000001f2fcbab0c0
0x000000bc357feba0:   0000000000000015 00007ff9e1a5aa7b
0x000000bc357febb0:   000001f2fc9f5050 000001f2fc9f5050
0x000000bc357febc0:   000001f2fc9f8298 000000bc357fec00
0x000000bc357febd0:   00007ff9e1730000 00007ff9f9424720
0x000000bc357febe0:   00007ff9e1fb9dd0 0000000000000000
0x000000bc357febf0:   0000000000000001 00007ff9e1a54e6f
0x000000bc357fec00:   0000000000004008 000001f2fc9f5050
0x000000bc357fec10:   000000bc357fec89 000000bc357fec98
0x000000bc357fec20:   000000007ffe0385 00007ff9e1a54c9d
0x000000bc357fec30:   00007ffaa1c4dda0 00007ffaa1c4dddd
0x000000bc357fec40:   00007ffa9e820000 00007ffaa18c9b5b
0x000000bc357fec50:   00007ffa9e8efca0 000000bc357fefb0
0x000000bc357fec60:   0000000000000001 0000000000000001
0x000000bc357fec70:   00007ffa9e8efca0 00007ffa9e847737
0x000000bc357fec80:   00007ffa9e8efc50 000000000000000d
0x000000bc357fec90:   000000000000000d 000000bc357fec80
0x000000bc357feca0:   0000000000000000 00007ffaa452bfaa
0x000000bc357fecb0:   0000000000000000 00007ffa885b1731
0x000000bc357fecc0:   0000000000000001 00007ff9e1730000
0x000000bc357fecd0:   00007ff9f9424720 00007ff9e1fb9dd0
0x000000bc357fece0:   000000bc357fefb0 00007ff9e1fb9d2b
0x000000bc357fecf0:   000000007ffe0385 000000bc357fefb0 

Instructions: (pc=0x00007ff9e1a4a480)
0x00007ff9e1a4a380:   8b d6 e8 d9 02 06 00 48 8b 0b 48 81 c1 50 01 00
0x00007ff9e1a4a390:   00 48 8b d7 e8 cf 61 81 00 80 bf 3a 58 03 00 00
0x00007ff9e1a4a3a0:   74 2b 48 8b 0b 48 81 c1 00 03 00 00 44 8b 87 d8
0x00007ff9e1a4a3b0:   2f 04 00 48 8b d6 e8 a5 02 06 00 48 8b 0b 48 81
0x00007ff9e1a4a3c0:   c1 98 02 00 00 48 8b d7 e8 9b 61 81 00 48 8b 3b
0x00007ff9e1a4a3d0:   83 3f 00 75 1a 48 85 ff 74 15 48 8b cf e8 4a 61
0x00007ff9e1a4a3e0:   81 00 ba 28 05 00 00 48 8b cf e8 c9 fa 56 00 48
0x00007ff9e1a4a3f0:   83 23 00 48 8d 4c 24 20 e8 2f e0 d1 ff 48 8b 5c
0x00007ff9e1a4a400:   24 50 48 8b 74 24 58 48 83 c4 40 5f c3 48 8d 8a
0x00007ff9e1a4a410:   20 00 00 00 e9 13 e0 d1 ff cc cc cc cc cc cc cc
0x00007ff9e1a4a420:   48 89 5c 24 10 57 48 83 ec 40 48 8b d9 48 8d 4c
0x00007ff9e1a4a430:   24 20 e8 51 df d1 ff 48 8b 03 48 8b 00 48 89 44
0x00007ff9e1a4a440:   24 50 80 78 19 00 0f 84 3d fd 7a 00 48 8d 4c 24
0x00007ff9e1a4a450:   20 e8 d6 df d1 ff 48 8b 5c 24 58 48 83 c4 40 5f
0x00007ff9e1a4a460:   c3 cc cc cc cc cc cc cc cc cc cc cc cc cc cc cc
0x00007ff9e1a4a470:   48 89 5c 24 10 55 56 57 41 56 41 57 48 83 ec 20
0x00007ff9e1a4a480:   48 8b 79 18 48 8b ea 48 8b d9 48 85 ff 0f 85 28
0x00007ff9e1a4a490:   fd 7a 00 48 83 63 18 00 48 8b 43 28 48 3b 43 30
0x00007ff9e1a4a4a0:   75 11 48 8b 5c 24 58 48 83 c4 20 41 5f 41 5e 5f
0x00007ff9e1a4a4b0:   5e 5d c3 48 89 43 30 eb e9 cc cc cc cc cc cc cc
0x00007ff9e1a4a4c0:   48 89 5c 24 18 48 89 4c 24 08 55 56 57 48 83 ec
0x00007ff9e1a4a4d0:   20 48 8b f9 48 83 c1 08 e8 0f f8 d1 ff 90 48 8d
0x00007ff9e1a4a4e0:   5f 38 48 89 5c 24 48 33 f6 48 89 33 48 89 73 08
0x00007ff9e1a4a4f0:   8d 6e 01 8b cd e8 fe 9c d3 ff 48 8b c8 e8 ce a1
0x00007ff9e1a4a500:   d3 ff 48 89 00 48 89 40 08 48 89 40 10 66 c7 40
0x00007ff9e1a4a510:   18 01 01 48 89 03 48 8d 8f f8 00 00 00 e8 7e 02
0x00007ff9e1a4a520:   06 00 90 48 8d 8f d8 01 00 00 e8 71 02 06 00 89
0x00007ff9e1a4a530:   2f 48 89 b7 c0 02 00 00 40 88 b7 b8 02 00 00 89
0x00007ff9e1a4a540:   77 48 c7 47 4c 24 00 00 00 40 88 77 50 48 89 77
0x00007ff9e1a4a550:   54 48 89 77 5c 48 89 77 64 89 77 6c b8 00 00 80
0x00007ff9e1a4a560:   3f 89 47 70 89 47 74 89 47 78 48 89 47 7c 89 87
0x00007ff9e1a4a570:   84 00 00 00 89 87 88 00 00 00 89 87 8c 00 00 00 


Stack slot to memory mapping:

stack at sp + 0 slots: 0x00000000000000fe is an unknown value
stack at sp + 1 slots: 0x0 is null
stack at sp + 2 slots: 0x0 is null
stack at sp + 3 slots: 0x0000000000000014 is an unknown value
stack at sp + 4 slots: 0x0 is null
stack at sp + 5 slots: 0x0 is null
stack at sp + 6 slots: 0x000001f2fcbab0c0 points into unknown readable memory: 0x000001f2fcae5e00 | 00 5e ae fc f2 01 00 00
stack at sp + 7 slots: 0x0000000000000001 is an unknown value

VM_Operation (0x000000bc34dff360): Exit, mode: safepoint, requested by thread 0x000001f2fcd31ca0


---------------  P R O C E S S  ---------------

Threads class SMR info:
_java_thread_list=0x000001f3d9400470, length=16, elements={
0x000001f2f75d64c0, 0x000001f2f75d73e0, 0x000001f2f75ddaf0, 0x000001f2f75de550,
0x000001f2f75df750, 0x000001f2f75e31d0, 0x000001f2f75e8010, 0x000001f2fc0e11c0,
0x000001f2fc2cc660, 0x000001f2fc2cccd0, 0x000001f2fc33b530, 0x000001f2fc810f90,
0x000001f2d6738910, 0x000001f2c6129720, 0x000001f2c681c250, 0x000001f2fcd31ca0
}

Java Threads: ( => current thread )
  0x000001f2f75d64c0 JavaThread "Reference Handler"          daemon [_thread_blocked, id=19088, stack(0x000000bc35800000,0x000000bc35900000) (1024K)]
  0x000001f2f75d73e0 JavaThread "Finalizer"                  daemon [_thread_blocked, id=17064, stack(0x000000bc35900000,0x000000bc35a00000) (1024K)]
  0x000001f2f75ddaf0 JavaThread "Attach Listener"            daemon [_thread_blocked, id=19308, stack(0x000000bc35b00000,0x000000bc35c00000) (1024K)]
  0x000001f2f75de550 JavaThread "Service Thread"             daemon [_thread_blocked, id=5288, stack(0x000000bc35c00000,0x000000bc35d00000) (1024K)]
  0x000001f2f75df750 JavaThread "Monitor Deflation Thread"   daemon [_thread_blocked, id=22052, stack(0x000000bc35d00000,0x000000bc35e00000) (1024K)]
  0x000001f2f75e31d0 JavaThread "C2 CompilerThread0"         daemon [_thread_blocked, id=15968, stack(0x000000bc35e00000,0x000000bc35f00000) (1024K)]
  0x000001f2f75e8010 JavaThread "C1 CompilerThread0"         daemon [_thread_blocked, id=15144, stack(0x000000bc35f00000,0x000000bc36000000) (1024K)]
  0x000001f2fc0e11c0 JavaThread "Common-Cleaner"             daemon [_thread_blocked, id=15652, stack(0x000000bc36000000,0x000000bc36100000) (1024K)]
  0x000001f2fc2cc660 JavaThread "Monitor Ctrl-Break"         daemon [_thread_in_native, id=560, stack(0x000000bc36100000,0x000000bc36200000) (1024K)]
  0x000001f2fc2cccd0 JavaThread "Notification Thread"        daemon [_thread_blocked, id=23132, stack(0x000000bc36200000,0x000000bc36300000) (1024K)]
  0x000001f2fc33b530 JavaThread "Java2D Disposer"            daemon [_thread_blocked, id=16264, stack(0x000000bc36300000,0x000000bc36400000) (1024K)]
  0x000001f2fc810f90 JavaThread "LWJGL Application"                 [_thread_in_native, id=23556, stack(0x000000bc36400000,0x000000bc36500000) (1024K)]
  0x000001f2d6738910 JavaThread "DestroyJavaVM"                     [_thread_blocked, id=12120, stack(0x000000bc35000000,0x000000bc35100000) (1024K)]
  0x000001f2c6129720 JavaThread "AsynchExecutor-Thread"      daemon [_thread_blocked, id=8296, stack(0x000000bc36d00000,0x000000bc36e00000) (1024K)]
  0x000001f2c681c250 JavaThread "LWJGL Timer"                daemon [_thread_blocked, id=12324, stack(0x000000bc36e00000,0x000000bc36f00000) (1024K)]
  0x000001f2fcd31ca0 JavaThread "SIGINT handler"             daemon [_thread_blocked, id=15208, stack(0x000000bc34d00000,0x000000bc34e00000) (1024K)]
Total: 16

Other Threads:
=>0x000001f2f75b5310 VMThread "VM Thread"                           [id=16392, stack(0x000000bc35700000,0x000000bc35800000) (1024K)]
  0x000001f2d6a54950 WorkerThread "GC Thread#0"                     [id=20312, stack(0x000000bc35100000,0x000000bc35200000) (1024K)]
  0x000001f2c60b8e20 WorkerThread "GC Thread#1"                     [id=2236, stack(0x000000bc36f00000,0x000000bc37000000) (1024K)]
  0x000001f2c60b91c0 WorkerThread "GC Thread#2"                     [id=18612, stack(0x000000bc37000000,0x000000bc37100000) (1024K)]
  0x000001f2c611c550 WorkerThread "GC Thread#3"                     [id=20880, stack(0x000000bc37100000,0x000000bc37200000) (1024K)]
  0x000001f2fcb77aa0 WorkerThread "GC Thread#4"                     [id=2736, stack(0x000000bc37200000,0x000000bc37300000) (1024K)]
  0x000001f2c611fdc0 WorkerThread "GC Thread#5"                     [id=19120, stack(0x000000bc37300000,0x000000bc37400000) (1024K)]
  0x000001f2c643e8e0 WorkerThread "GC Thread#6"                     [id=24020, stack(0x000000bc37400000,0x000000bc37500000) (1024K)]
  0x000001f2c643f410 WorkerThread "GC Thread#7"                     [id=1220, stack(0x000000bc37500000,0x000000bc37600000) (1024K)]
  0x000001f2c643f070 WorkerThread "GC Thread#8"                     [id=6752, stack(0x000000bc37600000,0x000000bc37700000) (1024K)]
  0x000001f2c6440290 WorkerThread "GC Thread#9"                     [id=23320, stack(0x000000bc37700000,0x000000bc37800000) (1024K)]
  0x000001f2d6a674e0 ConcurrentGCThread "G1 Main Marker"            terminated
  0x000001f2d6a68ff0 WorkerThread "G1 Conc#0"                       [id=22276, stack(0x000000bc35300000,0x000000bc35400000) (1024K)]
  0x000001f2f7475fe0 ConcurrentGCThread "G1 Refine#0"               terminated
  0x000001f2f7476b50 ConcurrentGCThread "G1 Service"                terminated
Total: 15

Threads with active compile tasks:
Total: 0

VM state: at safepoint (shutting down)

VM Mutex/Monitor currently owned by a thread:  ([mutex/lock_event])
[0x00007ff9f93fcd68] Threads_lock - owner thread: 0x000001f2f75b5310
[0x00007ff9f93fce68] Heap_lock - owner thread: 0x000001f2fcd31ca0

Heap address: 0x0000000705200000, size: 4014 MB, Compressed Oops mode: Zero based, Oop shift amount: 3

CDS archive(s) mapped at: [0x000001f280000000-0x000001f280c90000-0x000001f280c90000), size 13172736, SharedBaseAddress: 0x000001f280000000, ArchiveRelocationMode: 1.
Compressed class space mapped at: 0x000001f281000000-0x000001f2c1000000, reserved size: 1073741824
Narrow klass base: 0x000001f280000000, Narrow klass shift: 0, Narrow klass range: 0x100000000

GC Precious Log:
 CardTable entry size: 512
 Card Set container configuration: InlinePtr #cards 4 size 8 Array Of Cards #cards 16 size 48 Howl #buckets 8 coarsen threshold 3686 Howl Bitmap #cards 512 size 80 coarsen threshold 460 Card regions per heap region 1 cards per card region 4096
 CPUs: 12 total, 12 available
 Memory: 16052M
 Large Page Support: Disabled
 NUMA Support: Disabled
 Compressed Oops: Enabled (Zero based)
 Heap Region Size: 2M
 Heap Min Capacity: 8M
 Heap Initial Capacity: 252M
 Heap Max Capacity: 4014M
 Pre-touch: Disabled
 Parallel Workers: 10
 Concurrent Workers: 3
 Concurrent Refinement Workers: 10
 Periodic GC: Disabled

Heap:
 garbage-first heap   total 258048K, used 82271K [0x0000000705200000, 0x0000000800000000)
  region size 2048K, 39 young (79872K), 2 survivors (4096K)
 Metaspace       used 9712K, committed 9920K, reserved 1114112K
  class space    used 763K, committed 832K, reserved 1048576K

Heap Regions: E=young(eden), S=young(survivor), O=old, HS=humongous(starts), HC=humongous(continues), CS=collection set, F=free, TAMS=top-at-mark-start, PB=parsable bottom
|   0|0x0000000705200000, 0x0000000705400000, 0x0000000705400000|100%| O|  |TAMS 0x0000000705200000| PB 0x0000000705200000| Untracked 
|   1|0x0000000705400000, 0x0000000705600000, 0x0000000705600000|100%| O|  |TAMS 0x0000000705400000| PB 0x0000000705400000| Untracked 
|   2|0x0000000705600000, 0x000000070575ea40, 0x0000000705800000| 68%| O|  |TAMS 0x0000000705600000| PB 0x0000000705600000| Untracked 
|   3|0x0000000705800000, 0x0000000705800000, 0x0000000705a00000|  0%| F|  |TAMS 0x0000000705800000| PB 0x0000000705800000| Untracked 
|   4|0x0000000705a00000, 0x0000000705a00000, 0x0000000705c00000|  0%| F|  |TAMS 0x0000000705a00000| PB 0x0000000705a00000| Untracked 
|   5|0x0000000705c00000, 0x0000000705c00000, 0x0000000705e00000|  0%| F|  |TAMS 0x0000000705c00000| PB 0x0000000705c00000| Untracked 
|   6|0x0000000705e00000, 0x0000000705e00000, 0x0000000706000000|  0%| F|  |TAMS 0x0000000705e00000| PB 0x0000000705e00000| Untracked 
|   7|0x0000000706000000, 0x0000000706000000, 0x0000000706200000|  0%| F|  |TAMS 0x0000000706000000| PB 0x0000000706000000| Untracked 
|   8|0x0000000706200000, 0x0000000706200000, 0x0000000706400000|  0%| F|  |TAMS 0x0000000706200000| PB 0x0000000706200000| Untracked 
|   9|0x0000000706400000, 0x0000000706400000, 0x0000000706600000|  0%| F|  |TAMS 0x0000000706400000| PB 0x0000000706400000| Untracked 
|  10|0x0000000706600000, 0x0000000706600000, 0x0000000706800000|  0%| F|  |TAMS 0x0000000706600000| PB 0x0000000706600000| Untracked 
|  11|0x0000000706800000, 0x0000000706800000, 0x0000000706a00000|  0%| F|  |TAMS 0x0000000706800000| PB 0x0000000706800000| Untracked 
|  12|0x0000000706a00000, 0x0000000706a00000, 0x0000000706c00000|  0%| F|  |TAMS 0x0000000706a00000| PB 0x0000000706a00000| Untracked 
|  13|0x0000000706c00000, 0x0000000706c00000, 0x0000000706e00000|  0%| F|  |TAMS 0x0000000706c00000| PB 0x0000000706c00000| Untracked 
|  14|0x0000000706e00000, 0x0000000706e00000, 0x0000000707000000|  0%| F|  |TAMS 0x0000000706e00000| PB 0x0000000706e00000| Untracked 
|  15|0x0000000707000000, 0x0000000707000000, 0x0000000707200000|  0%| F|  |TAMS 0x0000000707000000| PB 0x0000000707000000| Untracked 
|  16|0x0000000707200000, 0x0000000707200000, 0x0000000707400000|  0%| F|  |TAMS 0x0000000707200000| PB 0x0000000707200000| Untracked 
|  17|0x0000000707400000, 0x0000000707400000, 0x0000000707600000|  0%| F|  |TAMS 0x0000000707400000| PB 0x0000000707400000| Untracked 
|  18|0x0000000707600000, 0x0000000707600000, 0x0000000707800000|  0%| F|  |TAMS 0x0000000707600000| PB 0x0000000707600000| Untracked 
|  19|0x0000000707800000, 0x0000000707800000, 0x0000000707a00000|  0%| F|  |TAMS 0x0000000707800000| PB 0x0000000707800000| Untracked 
|  20|0x0000000707a00000, 0x0000000707a00000, 0x0000000707c00000|  0%| F|  |TAMS 0x0000000707a00000| PB 0x0000000707a00000| Untracked 
|  21|0x0000000707c00000, 0x0000000707c00000, 0x0000000707e00000|  0%| F|  |TAMS 0x0000000707c00000| PB 0x0000000707c00000| Untracked 
|  22|0x0000000707e00000, 0x0000000707e00000, 0x0000000708000000|  0%| F|  |TAMS 0x0000000707e00000| PB 0x0000000707e00000| Untracked 
|  23|0x0000000708000000, 0x0000000708000000, 0x0000000708200000|  0%| F|  |TAMS 0x0000000708000000| PB 0x0000000708000000| Untracked 
|  24|0x0000000708200000, 0x0000000708200000, 0x0000000708400000|  0%| F|  |TAMS 0x0000000708200000| PB 0x0000000708200000| Untracked 
|  25|0x0000000708400000, 0x0000000708400000, 0x0000000708600000|  0%| F|  |TAMS 0x0000000708400000| PB 0x0000000708400000| Untracked 
|  26|0x0000000708600000, 0x0000000708600000, 0x0000000708800000|  0%| F|  |TAMS 0x0000000708600000| PB 0x0000000708600000| Untracked 
|  27|0x0000000708800000, 0x0000000708800000, 0x0000000708a00000|  0%| F|  |TAMS 0x0000000708800000| PB 0x0000000708800000| Untracked 
|  28|0x0000000708a00000, 0x0000000708a00000, 0x0000000708c00000|  0%| F|  |TAMS 0x0000000708a00000| PB 0x0000000708a00000| Untracked 
|  29|0x0000000708c00000, 0x0000000708c00000, 0x0000000708e00000|  0%| F|  |TAMS 0x0000000708c00000| PB 0x0000000708c00000| Untracked 
|  30|0x0000000708e00000, 0x0000000708e00000, 0x0000000709000000|  0%| F|  |TAMS 0x0000000708e00000| PB 0x0000000708e00000| Untracked 
|  31|0x0000000709000000, 0x0000000709000000, 0x0000000709200000|  0%| F|  |TAMS 0x0000000709000000| PB 0x0000000709000000| Untracked 
|  32|0x0000000709200000, 0x0000000709200000, 0x0000000709400000|  0%| F|  |TAMS 0x0000000709200000| PB 0x0000000709200000| Untracked 
|  33|0x0000000709400000, 0x0000000709400000, 0x0000000709600000|  0%| F|  |TAMS 0x0000000709400000| PB 0x0000000709400000| Untracked 
|  34|0x0000000709600000, 0x0000000709600000, 0x0000000709800000|  0%| F|  |TAMS 0x0000000709600000| PB 0x0000000709600000| Untracked 
|  35|0x0000000709800000, 0x0000000709800000, 0x0000000709a00000|  0%| F|  |TAMS 0x0000000709800000| PB 0x0000000709800000| Untracked 
|  36|0x0000000709a00000, 0x0000000709a00000, 0x0000000709c00000|  0%| F|  |TAMS 0x0000000709a00000| PB 0x0000000709a00000| Untracked 
|  37|0x0000000709c00000, 0x0000000709c00000, 0x0000000709e00000|  0%| F|  |TAMS 0x0000000709c00000| PB 0x0000000709c00000| Untracked 
|  38|0x0000000709e00000, 0x0000000709e00000, 0x000000070a000000|  0%| F|  |TAMS 0x0000000709e00000| PB 0x0000000709e00000| Untracked 
|  39|0x000000070a000000, 0x000000070a000000, 0x000000070a200000|  0%| F|  |TAMS 0x000000070a000000| PB 0x000000070a000000| Untracked 
|  40|0x000000070a200000, 0x000000070a200000, 0x000000070a400000|  0%| F|  |TAMS 0x000000070a200000| PB 0x000000070a200000| Untracked 
|  41|0x000000070a400000, 0x000000070a400000, 0x000000070a600000|  0%| F|  |TAMS 0x000000070a400000| PB 0x000000070a400000| Untracked 
|  42|0x000000070a600000, 0x000000070a600000, 0x000000070a800000|  0%| F|  |TAMS 0x000000070a600000| PB 0x000000070a600000| Untracked 
|  43|0x000000070a800000, 0x000000070a800000, 0x000000070aa00000|  0%| F|  |TAMS 0x000000070a800000| PB 0x000000070a800000| Untracked 
|  44|0x000000070aa00000, 0x000000070aa00000, 0x000000070ac00000|  0%| F|  |TAMS 0x000000070aa00000| PB 0x000000070aa00000| Untracked 
|  45|0x000000070ac00000, 0x000000070ac00000, 0x000000070ae00000|  0%| F|  |TAMS 0x000000070ac00000| PB 0x000000070ac00000| Untracked 
|  46|0x000000070ae00000, 0x000000070ae00000, 0x000000070b000000|  0%| F|  |TAMS 0x000000070ae00000| PB 0x000000070ae00000| Untracked 
|  47|0x000000070b000000, 0x000000070b000000, 0x000000070b200000|  0%| F|  |TAMS 0x000000070b000000| PB 0x000000070b000000| Untracked 
|  48|0x000000070b200000, 0x000000070b200000, 0x000000070b400000|  0%| F|  |TAMS 0x000000070b200000| PB 0x000000070b200000| Untracked 
|  49|0x000000070b400000, 0x000000070b4f9420, 0x000000070b600000| 48%| S|CS|TAMS 0x000000070b400000| PB 0x000000070b400000| Complete 
|  50|0x000000070b600000, 0x000000070b600000, 0x000000070b800000|  0%| F|  |TAMS 0x000000070b600000| PB 0x000000070b600000| Untracked 
|  51|0x000000070b800000, 0x000000070ba00000, 0x000000070ba00000|100%| S|CS|TAMS 0x000000070b800000| PB 0x000000070b800000| Complete 
|  52|0x000000070ba00000, 0x000000070ba00000, 0x000000070bc00000|  0%| F|  |TAMS 0x000000070ba00000| PB 0x000000070ba00000| Untracked 
|  53|0x000000070bc00000, 0x000000070bc00000, 0x000000070be00000|  0%| F|  |TAMS 0x000000070bc00000| PB 0x000000070bc00000| Untracked 
|  54|0x000000070be00000, 0x000000070be00000, 0x000000070c000000|  0%| F|  |TAMS 0x000000070be00000| PB 0x000000070be00000| Untracked 
|  55|0x000000070c000000, 0x000000070c000000, 0x000000070c200000|  0%| F|  |TAMS 0x000000070c000000| PB 0x000000070c000000| Untracked 
|  56|0x000000070c200000, 0x000000070c200000, 0x000000070c400000|  0%| F|  |TAMS 0x000000070c200000| PB 0x000000070c200000| Untracked 
|  57|0x000000070c400000, 0x000000070c400000, 0x000000070c600000|  0%| F|  |TAMS 0x000000070c400000| PB 0x000000070c400000| Untracked 
|  58|0x000000070c600000, 0x000000070c600000, 0x000000070c800000|  0%| F|  |TAMS 0x000000070c600000| PB 0x000000070c600000| Untracked 
|  59|0x000000070c800000, 0x000000070c800000, 0x000000070ca00000|  0%| F|  |TAMS 0x000000070c800000| PB 0x000000070c800000| Untracked 
|  60|0x000000070ca00000, 0x000000070ca00000, 0x000000070cc00000|  0%| F|  |TAMS 0x000000070ca00000| PB 0x000000070ca00000| Untracked 
|  61|0x000000070cc00000, 0x000000070cc00000, 0x000000070ce00000|  0%| F|  |TAMS 0x000000070cc00000| PB 0x000000070cc00000| Untracked 
|  62|0x000000070ce00000, 0x000000070ce00000, 0x000000070d000000|  0%| F|  |TAMS 0x000000070ce00000| PB 0x000000070ce00000| Untracked 
|  63|0x000000070d000000, 0x000000070d000000, 0x000000070d200000|  0%| F|  |TAMS 0x000000070d000000| PB 0x000000070d000000| Untracked 
|  64|0x000000070d200000, 0x000000070d200000, 0x000000070d400000|  0%| F|  |TAMS 0x000000070d200000| PB 0x000000070d200000| Untracked 
|  65|0x000000070d400000, 0x000000070d400000, 0x000000070d600000|  0%| F|  |TAMS 0x000000070d400000| PB 0x000000070d400000| Untracked 
|  66|0x000000070d600000, 0x000000070d600000, 0x000000070d800000|  0%| F|  |TAMS 0x000000070d600000| PB 0x000000070d600000| Untracked 
|  67|0x000000070d800000, 0x000000070d800000, 0x000000070da00000|  0%| F|  |TAMS 0x000000070d800000| PB 0x000000070d800000| Untracked 
|  68|0x000000070da00000, 0x000000070da00000, 0x000000070dc00000|  0%| F|  |TAMS 0x000000070da00000| PB 0x000000070da00000| Untracked 
|  69|0x000000070dc00000, 0x000000070dc00000, 0x000000070de00000|  0%| F|  |TAMS 0x000000070dc00000| PB 0x000000070dc00000| Untracked 
|  70|0x000000070de00000, 0x000000070de00000, 0x000000070e000000|  0%| F|  |TAMS 0x000000070de00000| PB 0x000000070de00000| Untracked 
|  71|0x000000070e000000, 0x000000070e000000, 0x000000070e200000|  0%| F|  |TAMS 0x000000070e000000| PB 0x000000070e000000| Untracked 
|  72|0x000000070e200000, 0x000000070e200000, 0x000000070e400000|  0%| F|  |TAMS 0x000000070e200000| PB 0x000000070e200000| Untracked 
|  73|0x000000070e400000, 0x000000070e400000, 0x000000070e600000|  0%| F|  |TAMS 0x000000070e400000| PB 0x000000070e400000| Untracked 
|  74|0x000000070e600000, 0x000000070e600000, 0x000000070e800000|  0%| F|  |TAMS 0x000000070e600000| PB 0x000000070e600000| Untracked 
|  75|0x000000070e800000, 0x000000070e800000, 0x000000070ea00000|  0%| F|  |TAMS 0x000000070e800000| PB 0x000000070e800000| Untracked 
|  76|0x000000070ea00000, 0x000000070ea00000, 0x000000070ec00000|  0%| F|  |TAMS 0x000000070ea00000| PB 0x000000070ea00000| Untracked 
|  77|0x000000070ec00000, 0x000000070ec00000, 0x000000070ee00000|  0%| F|  |TAMS 0x000000070ec00000| PB 0x000000070ec00000| Untracked 
|  78|0x000000070ee00000, 0x000000070ee00000, 0x000000070f000000|  0%| F|  |TAMS 0x000000070ee00000| PB 0x000000070ee00000| Untracked 
|  79|0x000000070f000000, 0x000000070f000000, 0x000000070f200000|  0%| F|  |TAMS 0x000000070f000000| PB 0x000000070f000000| Untracked 
|  80|0x000000070f200000, 0x000000070f200000, 0x000000070f400000|  0%| F|  |TAMS 0x000000070f200000| PB 0x000000070f200000| Untracked 
|  81|0x000000070f400000, 0x000000070f400000, 0x000000070f600000|  0%| F|  |TAMS 0x000000070f400000| PB 0x000000070f400000| Untracked 
|  82|0x000000070f600000, 0x000000070f600000, 0x000000070f800000|  0%| F|  |TAMS 0x000000070f600000| PB 0x000000070f600000| Untracked 
|  83|0x000000070f800000, 0x000000070f800000, 0x000000070fa00000|  0%| F|  |TAMS 0x000000070f800000| PB 0x000000070f800000| Untracked 
|  84|0x000000070fa00000, 0x000000070fa00000, 0x000000070fc00000|  0%| F|  |TAMS 0x000000070fa00000| PB 0x000000070fa00000| Untracked 
|  85|0x000000070fc00000, 0x000000070fc00000, 0x000000070fe00000|  0%| F|  |TAMS 0x000000070fc00000| PB 0x000000070fc00000| Untracked 
|  86|0x000000070fe00000, 0x000000070fe00000, 0x0000000710000000|  0%| F|  |TAMS 0x000000070fe00000| PB 0x000000070fe00000| Untracked 
|  87|0x0000000710000000, 0x0000000710000000, 0x0000000710200000|  0%| F|  |TAMS 0x0000000710000000| PB 0x0000000710000000| Untracked 
|  88|0x0000000710200000, 0x0000000710200000, 0x0000000710400000|  0%| F|  |TAMS 0x0000000710200000| PB 0x0000000710200000| Untracked 
|  89|0x0000000710400000, 0x0000000710500800, 0x0000000710600000| 50%| E|  |TAMS 0x0000000710400000| PB 0x0000000710400000| Complete 
|  90|0x0000000710600000, 0x0000000710800000, 0x0000000710800000|100%| E|CS|TAMS 0x0000000710600000| PB 0x0000000710600000| Complete 
|  91|0x0000000710800000, 0x0000000710a00000, 0x0000000710a00000|100%| E|CS|TAMS 0x0000000710800000| PB 0x0000000710800000| Complete 
|  92|0x0000000710a00000, 0x0000000710c00000, 0x0000000710c00000|100%| E|CS|TAMS 0x0000000710a00000| PB 0x0000000710a00000| Complete 
|  93|0x0000000710c00000, 0x0000000710e00000, 0x0000000710e00000|100%| E|CS|TAMS 0x0000000710c00000| PB 0x0000000710c00000| Complete 
|  94|0x0000000710e00000, 0x0000000711000000, 0x0000000711000000|100%| E|CS|TAMS 0x0000000710e00000| PB 0x0000000710e00000| Complete 
|  95|0x0000000711000000, 0x0000000711200000, 0x0000000711200000|100%| E|CS|TAMS 0x0000000711000000| PB 0x0000000711000000| Complete 
|  96|0x0000000711200000, 0x0000000711400000, 0x0000000711400000|100%| E|CS|TAMS 0x0000000711200000| PB 0x0000000711200000| Complete 
|  97|0x0000000711400000, 0x0000000711600000, 0x0000000711600000|100%| E|CS|TAMS 0x0000000711400000| PB 0x0000000711400000| Complete 
|  98|0x0000000711600000, 0x0000000711800000, 0x0000000711800000|100%| E|CS|TAMS 0x0000000711600000| PB 0x0000000711600000| Complete 
|  99|0x0000000711800000, 0x0000000711a00000, 0x0000000711a00000|100%| E|CS|TAMS 0x0000000711800000| PB 0x0000000711800000| Complete 
| 100|0x0000000711a00000, 0x0000000711c00000, 0x0000000711c00000|100%| E|CS|TAMS 0x0000000711a00000| PB 0x0000000711a00000| Complete 
| 101|0x0000000711c00000, 0x0000000711e00000, 0x0000000711e00000|100%| E|CS|TAMS 0x0000000711c00000| PB 0x0000000711c00000| Complete 
| 102|0x0000000711e00000, 0x0000000712000000, 0x0000000712000000|100%| E|CS|TAMS 0x0000000711e00000| PB 0x0000000711e00000| Complete 
| 103|0x0000000712000000, 0x0000000712200000, 0x0000000712200000|100%| E|CS|TAMS 0x0000000712000000| PB 0x0000000712000000| Complete 
| 104|0x0000000712200000, 0x0000000712400000, 0x0000000712400000|100%| E|CS|TAMS 0x0000000712200000| PB 0x0000000712200000| Complete 
| 105|0x0000000712400000, 0x0000000712600000, 0x0000000712600000|100%| E|CS|TAMS 0x0000000712400000| PB 0x0000000712400000| Complete 
| 106|0x0000000712600000, 0x0000000712800000, 0x0000000712800000|100%| E|CS|TAMS 0x0000000712600000| PB 0x0000000712600000| Complete 
| 107|0x0000000712800000, 0x0000000712a00000, 0x0000000712a00000|100%| E|CS|TAMS 0x0000000712800000| PB 0x0000000712800000| Complete 
| 108|0x0000000712a00000, 0x0000000712c00000, 0x0000000712c00000|100%| E|CS|TAMS 0x0000000712a00000| PB 0x0000000712a00000| Complete 
| 109|0x0000000712c00000, 0x0000000712e00000, 0x0000000712e00000|100%| E|CS|TAMS 0x0000000712c00000| PB 0x0000000712c00000| Complete 
| 110|0x0000000712e00000, 0x0000000713000000, 0x0000000713000000|100%| E|CS|TAMS 0x0000000712e00000| PB 0x0000000712e00000| Complete 
| 111|0x0000000713000000, 0x0000000713200000, 0x0000000713200000|100%| E|CS|TAMS 0x0000000713000000| PB 0x0000000713000000| Complete 
| 112|0x0000000713200000, 0x0000000713400000, 0x0000000713400000|100%| E|CS|TAMS 0x0000000713200000| PB 0x0000000713200000| Complete 
| 113|0x0000000713400000, 0x0000000713600000, 0x0000000713600000|100%| E|CS|TAMS 0x0000000713400000| PB 0x0000000713400000| Complete 
| 114|0x0000000713600000, 0x0000000713800000, 0x0000000713800000|100%| E|CS|TAMS 0x0000000713600000| PB 0x0000000713600000| Complete 
| 115|0x0000000713800000, 0x0000000713a00000, 0x0000000713a00000|100%| E|CS|TAMS 0x0000000713800000| PB 0x0000000713800000| Complete 
| 116|0x0000000713a00000, 0x0000000713c00000, 0x0000000713c00000|100%| E|CS|TAMS 0x0000000713a00000| PB 0x0000000713a00000| Complete 
| 117|0x0000000713c00000, 0x0000000713e00000, 0x0000000713e00000|100%| E|CS|TAMS 0x0000000713c00000| PB 0x0000000713c00000| Complete 
| 118|0x0000000713e00000, 0x0000000714000000, 0x0000000714000000|100%| E|CS|TAMS 0x0000000713e00000| PB 0x0000000713e00000| Complete 
| 119|0x0000000714000000, 0x0000000714200000, 0x0000000714200000|100%| E|CS|TAMS 0x0000000714000000| PB 0x0000000714000000| Complete 
| 120|0x0000000714200000, 0x0000000714400000, 0x0000000714400000|100%| E|CS|TAMS 0x0000000714200000| PB 0x0000000714200000| Complete 
| 121|0x0000000714400000, 0x0000000714600000, 0x0000000714600000|100%| E|CS|TAMS 0x0000000714400000| PB 0x0000000714400000| Complete 
| 122|0x0000000714600000, 0x0000000714800000, 0x0000000714800000|100%| E|CS|TAMS 0x0000000714600000| PB 0x0000000714600000| Complete 
| 123|0x0000000714800000, 0x0000000714a00000, 0x0000000714a00000|100%| E|CS|TAMS 0x0000000714800000| PB 0x0000000714800000| Complete 
| 124|0x0000000714a00000, 0x0000000714c00000, 0x0000000714c00000|100%| E|CS|TAMS 0x0000000714a00000| PB 0x0000000714a00000| Complete 
| 125|0x0000000714c00000, 0x0000000714e00000, 0x0000000714e00000|100%| E|CS|TAMS 0x0000000714c00000| PB 0x0000000714c00000| Complete 

Card table byte_map: [0x000001f2f0ab0000,0x000001f2f1290000] _byte_map_base: 0x000001f2ed287000

Marking Bits: (CMBitMap*) 0x000001f2d6a54f60
 Bits: [0x000001f2f1290000, 0x000001f2f5148000)

Polling page: 0x000001f2d6ab0000

Metaspace:

Usage:
  Non-class:      8.74 MB used.
      Class:    763.83 KB used.
       Both:      9.49 MB used.

Virtual space:
  Non-class space:       64.00 MB reserved,       8.88 MB ( 14%) committed,  1 nodes.
      Class space:        1.00 GB reserved,     832.00 KB ( <1%) committed,  1 nodes.
             Both:        1.06 GB reserved,       9.69 MB ( <1%) committed. 

Chunk freelists:
   Non-Class:  6.47 MB
       Class:  15.06 MB
        Both:  21.53 MB

MaxMetaspaceSize: unlimited
CompressedClassSpaceSize: 1.00 GB
Initial GC threshold: 21.00 MB
Current GC threshold: 21.00 MB
CDS: on
 - commit_granule_bytes: 65536.
 - commit_granule_words: 8192.
 - virtual_space_node_default_size: 8388608.
 - enlarge_chunks_in_place: 1.
 - use_allocation_guard: 0.


Internal statistics:

num_allocs_failed_limit: 0.
num_arena_births: 144.
num_arena_deaths: 0.
num_vsnodes_births: 2.
num_vsnodes_deaths: 0.
num_space_committed: 153.
num_space_uncommitted: 0.
num_chunks_returned_to_freelist: 0.
num_chunks_taken_from_freelist: 329.
num_chunk_merges: 0.
num_chunk_splits: 207.
num_chunks_enlarged: 130.
num_inconsistent_stats: 0.

CodeHeap 'non-profiled nmethods': size=120000Kb used=2417Kb max_used=2417Kb free=117582Kb
 bounds [0x000001f2e8120000, 0x000001f2e8390000, 0x000001f2ef650000]
CodeHeap 'profiled nmethods': size=120000Kb used=4537Kb max_used=4537Kb free=115462Kb
 bounds [0x000001f2e0650000, 0x000001f2e0ac0000, 0x000001f2e7b80000]
CodeHeap 'non-nmethods': size=5760Kb used=1650Kb max_used=1702Kb free=4109Kb
 bounds [0x000001f2e7b80000, 0x000001f2e7df0000, 0x000001f2e8120000]
 total_blobs=3240 nmethods=2537 adapters=608
 compilation: enabled
              stopped_count=0, restarted_count=0
 full_count=0

Compilation events (20 events):
Event: 142.274 Thread 0x000001f2f75e31d0 2531  s!   4       java.io.FileDescriptor::closeAll (163 bytes)
Event: 142.282 Thread 0x000001f2f75e31d0 nmethod 2531 0x000001f2e8374410 code [0x000001f2e8374620, 0x000001f2e8375360]
Event: 142.602 Thread 0x000001f2f75e31d0 2532   !   4       java.io.FileInputStream::close (69 bytes)
Event: 142.604 Thread 0x000001f2f75e31d0 nmethod 2532 0x000001f2e8375790 code [0x000001f2e8375940, 0x000001f2e8375c90]
Event: 142.689 Thread 0x000001f2f75e31d0 2533       4       com.badlogic.gdx.graphics.g2d.SpriteBatch::begin (65 bytes)
Event: 142.741 Thread 0x000001f2f75e31d0 nmethod 2533 0x000001f2e8375e10 code [0x000001f2e8376000, 0x000001f2e83763e0]
Event: 142.865 Thread 0x000001f2f75e31d0 2534       4       com.badlogic.gdx.graphics.g2d.BitmapFont$BitmapFontData::setScale (178 bytes)
Event: 142.867 Thread 0x000001f2f75e31d0 nmethod 2534 0x000001f2e8376810 code [0x000001f2e83769c0, 0x000001f2e8376b50]
Event: 150.778 Thread 0x000001f2f75e31d0 2535       4       com.badlogic.gdx.graphics.g2d.BitmapFont::<init> (27 bytes)
Event: 150.817 Thread 0x000001f2f75e31d0 nmethod 2535 0x000001f2e8376c10 code [0x000001f2e8376fe0, 0x000001f2e8378f78]
Event: 152.745 Thread 0x000001f2f75e31d0 2536       4       com.badlogic.gdx.utils.Array::resize (46 bytes)
Event: 152.749 Thread 0x000001f2f75e31d0 nmethod 2536 0x000001f2e837a210 code [0x000001f2e837a3c0, 0x000001f2e837a870]
Event: 154.806 Thread 0x000001f2f75e31d0 2537       4       java.lang.Integer::stringSize (47 bytes)
Event: 154.807 Thread 0x000001f2f75e31d0 nmethod 2537 0x000001f2e837aa90 code [0x000001f2e837ac20, 0x000001f2e837ad10]
Event: 154.891 Thread 0x000001f2f75e31d0 2538       4       java.lang.Integer::getChars (121 bytes)
Event: 154.895 Thread 0x000001f2f75e31d0 nmethod 2538 0x000001f2e837ad90 code [0x000001f2e837af40, 0x000001f2e837b2b0]
Event: 161.702 Thread 0x000001f2f75e31d0 2539       4       com.badlogic.gdx.graphics.g2d.SpriteBatch::draw (18 bytes)
Event: 161.703 Thread 0x000001f2f75e31d0 nmethod 2539 0x000001f2e837b510 code [0x000001f2e837b6c0, 0x000001f2e837b7e8]
Event: 161.735 Thread 0x000001f2f75e31d0 2540       4       java.lang.StringConcatHelper::prepend (22 bytes)
Event: 161.742 Thread 0x000001f2f75e31d0 nmethod 2540 0x000001f2e837b990 code [0x000001f2e837bb60, 0x000001f2e837c0c0]

GC Heap History (20 events):
Event: 108.755 GC heap before
{Heap before GC invocations=17 (full 0):
 garbage-first heap   total 258048K, used 155398K [0x0000000705200000, 0x0000000800000000)
  region size 2048K, 75 young (153600K), 2 survivors (4096K)
 Metaspace       used 9708K, committed 9920K, reserved 1114112K
  class space    used 762K, committed 832K, reserved 1048576K
}
Event: 108.759 GC heap after
{Heap after GC invocations=18 (full 0):
 garbage-first heap   total 258048K, used 6062K [0x0000000705200000, 0x0000000800000000)
  region size 2048K, 1 young (2048K), 1 survivors (2048K)
 Metaspace       used 9708K, committed 9920K, reserved 1114112K
  class space    used 762K, committed 832K, reserved 1048576K
}
Event: 115.538 GC heap before
{Heap before GC invocations=18 (full 0):
 garbage-first heap   total 258048K, used 157614K [0x0000000705200000, 0x0000000800000000)
  region size 2048K, 75 young (153600K), 1 survivors (2048K)
 Metaspace       used 9708K, committed 9920K, reserved 1114112K
  class space    used 762K, committed 832K, reserved 1048576K
}
Event: 115.542 GC heap after
{Heap after GC invocations=19 (full 0):
 garbage-first heap   total 258048K, used 6196K [0x0000000705200000, 0x0000000800000000)
  region size 2048K, 1 young (2048K), 1 survivors (2048K)
 Metaspace       used 9708K, committed 9920K, reserved 1114112K
  class space    used 762K, committed 832K, reserved 1048576K
}
Event: 123.663 GC heap before
{Heap before GC invocations=19 (full 0):
 garbage-first heap   total 258048K, used 157748K [0x0000000705200000, 0x0000000800000000)
  region size 2048K, 75 young (153600K), 1 survivors (2048K)
 Metaspace       used 9708K, committed 9920K, reserved 1114112K
  class space    used 762K, committed 832K, reserved 1048576K
}
Event: 123.666 GC heap after
{Heap after GC invocations=20 (full 0):
 garbage-first heap   total 258048K, used 6330K [0x0000000705200000, 0x0000000800000000)
  region size 2048K, 1 young (2048K), 1 survivors (2048K)
 Metaspace       used 9708K, committed 9920K, reserved 1114112K
  class space    used 762K, committed 832K, reserved 1048576K
}
Event: 132.588 GC heap before
{Heap before GC invocations=20 (full 0):
 garbage-first heap   total 258048K, used 157882K [0x0000000705200000, 0x0000000800000000)
  region size 2048K, 75 young (153600K), 1 survivors (2048K)
 Metaspace       used 9708K, committed 9920K, reserved 1114112K
  class space    used 762K, committed 832K, reserved 1048576K
}
Event: 132.590 GC heap after
{Heap after GC invocations=21 (full 0):
 garbage-first heap   total 258048K, used 6746K [0x0000000705200000, 0x0000000800000000)
  region size 2048K, 1 young (2048K), 1 survivors (2048K)
 Metaspace       used 9708K, committed 9920K, reserved 1114112K
  class space    used 762K, committed 832K, reserved 1048576K
}
Event: 139.365 GC heap before
{Heap before GC invocations=21 (full 0):
 garbage-first heap   total 258048K, used 158298K [0x0000000705200000, 0x0000000800000000)
  region size 2048K, 75 young (153600K), 1 survivors (2048K)
 Metaspace       used 9708K, committed 9920K, reserved 1114112K
  class space    used 762K, committed 832K, reserved 1048576K
}
Event: 139.366 GC heap after
{Heap after GC invocations=22 (full 0):
 garbage-first heap   total 258048K, used 6973K [0x0000000705200000, 0x0000000800000000)
  region size 2048K, 1 young (2048K), 1 survivors (2048K)
 Metaspace       used 9708K, committed 9920K, reserved 1114112K
  class space    used 762K, committed 832K, reserved 1048576K
}
Event: 145.116 GC heap before
{Heap before GC invocations=22 (full 0):
 garbage-first heap   total 258048K, used 158525K [0x0000000705200000, 0x0000000800000000)
  region size 2048K, 75 young (153600K), 1 survivors (2048K)
 Metaspace       used 9708K, committed 9920K, reserved 1114112K
  class space    used 762K, committed 832K, reserved 1048576K
}
Event: 145.118 GC heap after
{Heap after GC invocations=23 (full 0):
 garbage-first heap   total 258048K, used 7407K [0x0000000705200000, 0x0000000800000000)
  region size 2048K, 2 young (4096K), 2 survivors (4096K)
 Metaspace       used 9708K, committed 9920K, reserved 1114112K
  class space    used 762K, committed 832K, reserved 1048576K
}
Event: 151.495 GC heap before
{Heap before GC invocations=23 (full 0):
 garbage-first heap   total 258048K, used 156911K [0x0000000705200000, 0x0000000800000000)
  region size 2048K, 75 young (153600K), 2 survivors (4096K)
 Metaspace       used 9708K, committed 9920K, reserved 1114112K
  class space    used 762K, committed 832K, reserved 1048576K
}
Event: 151.497 GC heap after
{Heap after GC invocations=24 (full 0):
 garbage-first heap   total 258048K, used 7589K [0x0000000705200000, 0x0000000800000000)
  region size 2048K, 2 young (4096K), 2 survivors (4096K)
 Metaspace       used 9708K, committed 9920K, reserved 1114112K
  class space    used 762K, committed 832K, reserved 1048576K
}
Event: 158.591 GC heap before
{Heap before GC invocations=24 (full 0):
 garbage-first heap   total 258048K, used 157093K [0x0000000705200000, 0x0000000800000000)
  region size 2048K, 75 young (153600K), 2 survivors (4096K)
 Metaspace       used 9708K, committed 9920K, reserved 1114112K
  class space    used 762K, committed 832K, reserved 1048576K
}
Event: 158.593 GC heap after
{Heap after GC invocations=25 (full 0):
 garbage-first heap   total 258048K, used 8122K [0x0000000705200000, 0x0000000800000000)
  region size 2048K, 2 young (4096K), 2 survivors (4096K)
 Metaspace       used 9708K, committed 9920K, reserved 1114112K
  class space    used 762K, committed 832K, reserved 1048576K
}
Event: 165.502 GC heap before
{Heap before GC invocations=25 (full 0):
 garbage-first heap   total 258048K, used 157626K [0x0000000705200000, 0x0000000800000000)
  region size 2048K, 75 young (153600K), 2 survivors (4096K)
 Metaspace       used 9708K, committed 9920K, reserved 1114112K
  class space    used 762K, committed 832K, reserved 1048576K
}
Event: 165.506 GC heap after
{Heap after GC invocations=26 (full 0):
 garbage-first heap   total 258048K, used 8446K [0x0000000705200000, 0x0000000800000000)
  region size 2048K, 2 young (4096K), 2 survivors (4096K)
 Metaspace       used 9708K, committed 9920K, reserved 1114112K
  class space    used 762K, committed 832K, reserved 1048576K
}
Event: 173.504 GC heap before
{Heap before GC invocations=26 (full 0):
 garbage-first heap   total 258048K, used 157950K [0x0000000705200000, 0x0000000800000000)
  region size 2048K, 75 young (153600K), 2 survivors (4096K)
 Metaspace       used 9708K, committed 9920K, reserved 1114112K
  class space    used 762K, committed 832K, reserved 1048576K
}
Event: 173.512 GC heap after
{Heap after GC invocations=27 (full 0):
 garbage-first heap   total 258048K, used 8543K [0x0000000705200000, 0x0000000800000000)
  region size 2048K, 2 young (4096K), 2 survivors (4096K)
 Metaspace       used 9708K, committed 9920K, reserved 1114112K
  class space    used 762K, committed 832K, reserved 1048576K
}

Dll operation events (14 events):
Event: 0.012 Loaded shared library C:\Program Files\Java\jdk-21\bin\java.dll
Event: 0.052 Loaded shared library C:\Program Files\Java\jdk-21\bin\jsvml.dll
Event: 0.107 Loaded shared library C:\Program Files\Java\jdk-21\bin\zip.dll
Event: 0.112 Loaded shared library C:\Program Files\Java\jdk-21\bin\instrument.dll
Event: 0.118 Loaded shared library C:\Program Files\Java\jdk-21\bin\net.dll
Event: 0.121 Loaded shared library C:\Program Files\Java\jdk-21\bin\nio.dll
Event: 0.127 Loaded shared library C:\Program Files\Java\jdk-21\bin\zip.dll
Event: 0.155 Loaded shared library C:\Program Files\JetBrains\IntelliJ IDEA 2023.3.6\bin\breakgen64.dll
Event: 0.164 Loaded shared library C:\Program Files\Java\jdk-21\bin\extnet.dll
Event: 0.217 Loaded shared library C:\Program Files\Java\jdk-21\bin\awt.dll
Event: 0.234 Loaded shared library C:\Program Files\Java\jdk-21\bin\jimage.dll
Event: 0.628 Loaded shared library C:\Users\alexr\AppData\Local\Temp\libgdxalexr\1cccfb10\gdx64.dll
Event: 0.679 Loaded shared library C:\Program Files\Java\jdk-21\bin\verify.dll
Event: 0.689 Loaded shared library C:\Users\alexr\AppData\Local\Temp\libgdxalexr\dc0f0009\lwjgl64.dll

Deoptimization events (20 events):
Event: 19.617 Thread 0x000001f2fc810f90 DEOPT PACKING pc=0x000001f2e0ab534b sp=0x000000bc364fef10
Event: 19.617 Thread 0x000001f2fc810f90 DEOPT UNPACKING pc=0x000001f2e7bd4e42 sp=0x000000bc364fe3b8 mode 0
Event: 20.007 Thread 0x000001f2fc810f90 DEOPT PACKING pc=0x000001f2e0ab35bf sp=0x000000bc364ff090
Event: 20.007 Thread 0x000001f2fc810f90 DEOPT UNPACKING pc=0x000001f2e7bd4e42 sp=0x000000bc364fe560 mode 0
Event: 31.014 Thread 0x000001f2fc810f90 Uncommon trap: trap_request=0xffffffcc fr.pc=0x000001f2e82c7ca4 relative=0x0000000000003624
Event: 31.014 Thread 0x000001f2fc810f90 Uncommon trap: reason=intrinsic_or_type_checked_inlining action=make_not_entrant pc=0x000001f2e82c7ca4 method=java.util.ArrayList$SubList.toArray([Ljava/lang/Object;)[Ljava/lang/Object; @ 58 c2
Event: 31.014 Thread 0x000001f2fc810f90 DEOPT PACKING pc=0x000001f2e82c7ca4 sp=0x000000bc364feb60
Event: 31.014 Thread 0x000001f2fc810f90 DEOPT UNPACKING pc=0x000001f2e7bd46a2 sp=0x000000bc364feb28 mode 2
Event: 102.329 Thread 0x000001f2fc810f90 Uncommon trap: trap_request=0xffffff45 fr.pc=0x000001f2e8343ec8 relative=0x0000000000000e88
Event: 102.329 Thread 0x000001f2fc810f90 Uncommon trap: reason=unstable_if action=reinterpret pc=0x000001f2e8343ec8 method=org.lwjgl.opengl.WindowsDisplay.update()V @ 40 c2
Event: 102.329 Thread 0x000001f2fc810f90 DEOPT PACKING pc=0x000001f2e8343ec8 sp=0x000000bc364ff170
Event: 102.329 Thread 0x000001f2fc810f90 DEOPT UNPACKING pc=0x000001f2e7bd46a2 sp=0x000000bc364ff118 mode 2
Event: 119.894 Thread 0x000001f2fc810f90 Uncommon trap: trap_request=0xffffff45 fr.pc=0x000001f2e8356ab8 relative=0x00000000000000f8
Event: 119.894 Thread 0x000001f2fc810f90 Uncommon trap: reason=unstable_if action=reinterpret pc=0x000001f2e8356ab8 method=Screen.GameScreen.handlePauseMenuInput()V @ 10 c2
Event: 119.894 Thread 0x000001f2fc810f90 DEOPT PACKING pc=0x000001f2e8356ab8 sp=0x000000bc364ff020
Event: 119.894 Thread 0x000001f2fc810f90 DEOPT UNPACKING pc=0x000001f2e7bd46a2 sp=0x000000bc364fefb8 mode 2
Event: 176.764 Thread 0x000001f2fc810f90 Uncommon trap: trap_request=0xffffff45 fr.pc=0x000001f2e8353468 relative=0x0000000000000328
Event: 176.764 Thread 0x000001f2fc810f90 Uncommon trap: reason=unstable_if action=reinterpret pc=0x000001f2e8353468 method=com.badlogic.gdx.backends.lwjgl.LwjglApplication.executeRunnables()Z @ 18 c2
Event: 176.764 Thread 0x000001f2fc810f90 DEOPT PACKING pc=0x000001f2e8353468 sp=0x000000bc364ff1c0
Event: 176.764 Thread 0x000001f2fc810f90 DEOPT UNPACKING pc=0x000001f2e7bd46a2 sp=0x000000bc364ff178 mode 2

Classes loaded (20 events):
Event: 2.937 Loading class java/lang/reflect/Proxy$1
Event: 2.937 Loading class java/lang/reflect/Proxy$1 done
Event: 2.937 Loading class java/io/Externalizable
Event: 2.937 Loading class java/io/Externalizable done
Event: 2.937 Loading class java/io/ObjectStreamClass$2
Event: 2.937 Loading class java/io/ObjectStreamClass$2 done
Event: 2.938 Loading class java/io/ClassCache$CacheRef
Event: 2.938 Loading class java/io/ClassCache$CacheRef done
Event: 2.938 Loading class java/io/ObjectStreamClass$FieldReflectorKey
Event: 2.938 Loading class java/io/ObjectStreamClass$FieldReflectorKey done
Event: 2.938 Loading class java/io/ObjectStreamClass$FieldReflector
Event: 2.938 Loading class java/io/ObjectStreamClass$FieldReflector done
Event: 2.938 Loading class java/io/ObjectStreamClass$ExceptionInfo
Event: 2.938 Loading class java/io/ObjectStreamClass$ExceptionInfo done
Event: 3.040 Loading class jdk/internal/event/ThreadSleepEvent
Event: 3.040 Loading class jdk/internal/event/ThreadSleepEvent done
Event: 4.495 Loading class java/lang/invoke/MethodHandle$1
Event: 4.496 Loading class java/lang/invoke/MethodHandle$1 done
Event: 180.154 Loading class jdk/internal/misc/Signal$1
Event: 180.155 Loading class jdk/internal/misc/Signal$1 done

Classes unloaded (0 events):
No events

Classes redefined (0 events):
No events

Internal exceptions (15 events):
Event: 0.144 Thread 0x000001f2d6738910 Exception <a 'java/lang/NoSuchMethodError'{0x0000000714b6fd10}: 'void java.lang.invoke.DirectMethodHandle$Holder.invokeStatic(java.lang.Object, java.lang.Object, java.lang.Object)'> (0x0000000714b6fd10) 
thrown [s\open\src\hotspot\share\interpreter\linkResolver.cpp, line 773]
Event: 0.149 Thread 0x000001f2d6738910 Exception <a 'java/lang/NoSuchMethodError'{0x0000000714b87218}: 'java.lang.Object java.lang.invoke.Invokers$Holder.invokeExact_MT(java.lang.Object, java.lang.Object, java.lang.Object, java.lang.Object, java.lang.Object)'> (0x0000000714b87218) 
thrown [s\open\src\hotspot\share\interpreter\linkResolver.cpp, line 773]
Event: 0.166 Thread 0x000001f2fc2cc660 Exception <a 'java/lang/NoSuchMethodError'{0x0000000714bdc9c8}: 'void java.lang.invoke.DirectMethodHandle$Holder.invokeStatic(java.lang.Object, java.lang.Object)'> (0x0000000714bdc9c8) 
thrown [s\open\src\hotspot\share\interpreter\linkResolver.cpp, line 773]
Event: 0.226 Thread 0x000001f2d6738910 Exception <a 'java/lang/ClassNotFoundException'{0x00000007148b4990}: sun/awt/resources/spi/awtProvider> (0x00000007148b4990) 
thrown [s\open\src\hotspot\share\classfile\systemDictionary.cpp, line 312]
Event: 0.250 Thread 0x000001f2d6738910 Exception <a 'java/io/FileNotFoundException'{0x0000000714908be0}> (0x0000000714908be0) 
thrown [s\open\src\hotspot\share\prims\jni.cpp, line 520]
Event: 0.258 Thread 0x000001f2d6738910 Exception <a 'java/io/FileNotFoundException'{0x00000007149329f8}> (0x00000007149329f8) 
thrown [s\open\src\hotspot\share\prims\jni.cpp, line 520]
Event: 0.632 Thread 0x000001f2d6738910 Exception <a 'java/lang/NoSuchMethodError'{0x0000000713e44a08}: 'int java.lang.invoke.DirectMethodHandle$Holder.invokeVirtual(java.lang.Object, java.lang.Object)'> (0x0000000713e44a08) 
thrown [s\open\src\hotspot\share\interpreter\linkResolver.cpp, line 773]
Event: 0.633 Thread 0x000001f2d6738910 Exception <a 'java/lang/NoSuchMethodError'{0x0000000713e48d08}: 'int java.lang.invoke.DirectMethodHandle$Holder.invokeSpecial(java.lang.Object, java.lang.Object, java.lang.Object)'> (0x0000000713e48d08) 
thrown [s\open\src\hotspot\share\interpreter\linkResolver.cpp, line 773]
Event: 0.637 Thread 0x000001f2d6738910 Exception <a 'java/lang/NoSuchMethodError'{0x0000000713e5d098}: 'java.lang.Object java.lang.invoke.DirectMethodHandle$Holder.invokeStaticInit(java.lang.Object, int, int, int, int)'> (0x0000000713e5d098) 
thrown [s\open\src\hotspot\share\interpreter\linkResolver.cpp, line 773]
Event: 0.659 Thread 0x000001f2d6738910 Exception <a 'java/lang/NoSuchMethodError'{0x0000000713ee85a0}: 'java.lang.Object java.lang.invoke.DirectMethodHandle$Holder.invokeStaticInit(java.lang.Object, java.lang.Object, int, int, int, int)'> (0x0000000713ee85a0) 
thrown [s\open\src\hotspot\share\interpreter\linkResolver.cpp, line 773]
Event: 0.692 Thread 0x000001f2d6738910 Exception <a 'java/lang/NoSuchMethodError'{0x0000000713f5c958}: 'java.lang.Object java.lang.invoke.DirectMethodHandle$Holder.invokeInterface(java.lang.Object, java.lang.Object)'> (0x0000000713f5c958) 
thrown [s\open\src\hotspot\share\interpreter\linkResolver.cpp, line 773]
Event: 0.693 Thread 0x000001f2d6738910 Exception <a 'java/lang/IncompatibleClassChangeError'{0x0000000713f5fe70}: Found class java.lang.Object, but interface was expected> (0x0000000713f5fe70) 
thrown [s\open\src\hotspot\share\interpreter\linkResolver.cpp, line 840]
Event: 1.097 Thread 0x000001f2f75ddaf0 Exception <a 'java/lang/NoSuchMethodError'{0x0000000713c4d768}: 'java.lang.Object java.lang.invoke.Invokers$Holder.invokeExact_MT(java.lang.Object, java.lang.Object, java.lang.Object, java.lang.Object, java.lang.Object, java.lang.Object)'> (0x0000000713c4d768) 
thrown [s\open\src\hotspot\share\interpreter\linkResolver.cpp, line 773]
Event: 1.984 Thread 0x000001f2d6738910 Exception <a 'java/lang/NoSuchMethodError'{0x0000000713cb8cf0}: 'int java.lang.invoke.Invokers$Holder.invokeExact_MT(java.lang.Object, java.lang.Object)'> (0x0000000713cb8cf0) 
thrown [s\open\src\hotspot\share\interpreter\linkResolver.cpp, line 773]
Event: 4.381 Thread 0x000001f2fc810f90 Implicit null exception at 0x000001f2e81ea583 to 0x000001f2e81ea608

ZGC Phase Switch (0 events):
No events

VM Operations (20 events):
Event: 120.402 Executing VM operation: Cleanup done
Event: 120.402 Executing VM operation: RendezvousGCThreads
Event: 120.402 Executing VM operation: RendezvousGCThreads done
Event: 123.663 Executing VM operation: G1CollectForAllocation (G1 Evacuation Pause)
Event: 123.666 Executing VM operation: G1CollectForAllocation (G1 Evacuation Pause) done
Event: 132.588 Executing VM operation: G1CollectForAllocation (G1 Evacuation Pause)
Event: 132.590 Executing VM operation: G1CollectForAllocation (G1 Evacuation Pause) done
Event: 139.365 Executing VM operation: G1CollectForAllocation (G1 Evacuation Pause)
Event: 139.366 Executing VM operation: G1CollectForAllocation (G1 Evacuation Pause) done
Event: 145.116 Executing VM operation: G1CollectForAllocation (G1 Evacuation Pause)
Event: 145.118 Executing VM operation: G1CollectForAllocation (G1 Evacuation Pause) done
Event: 151.495 Executing VM operation: G1CollectForAllocation (G1 Evacuation Pause)
Event: 151.497 Executing VM operation: G1CollectForAllocation (G1 Evacuation Pause) done
Event: 158.591 Executing VM operation: G1CollectForAllocation (G1 Evacuation Pause)
Event: 158.593 Executing VM operation: G1CollectForAllocation (G1 Evacuation Pause) done
Event: 165.502 Executing VM operation: G1CollectForAllocation (G1 Evacuation Pause)
Event: 165.506 Executing VM operation: G1CollectForAllocation (G1 Evacuation Pause) done
Event: 173.504 Executing VM operation: G1CollectForAllocation (G1 Evacuation Pause)
Event: 173.512 Executing VM operation: G1CollectForAllocation (G1 Evacuation Pause) done
Event: 180.179 Executing VM operation: Exit

Events (20 events):
Event: 0.508 Thread 0x000001f2fc6d70b0 Thread added: 0x000001f2fc6d70b0
Event: 1.071 Thread 0x000001f2fc6d70b0 Thread exited: 0x000001f2fc6d70b0
Event: 1.071 Thread 0x000001f2fc3b2020 Thread exited: 0x000001f2fc3b2020
Event: 1.096 Thread 0x000001f2fc80fad0 Thread added: 0x000001f2fc80fad0
Event: 1.956 Thread 0x000001f2fc80fad0 Thread exited: 0x000001f2fc80fad0
Event: 1.999 Thread 0x000001f2fc810f90 Thread added: 0x000001f2fc810f90
Event: 1.999 Thread 0x000001f2d6738910 Thread exited: 0x000001f2d6738910
Event: 1.999 Thread 0x000001f2d6738910 Thread added: 0x000001f2d6738910
Event: 2.634 Thread 0x000001f2c6129720 Thread added: 0x000001f2c6129720
Event: 2.653 Thread 0x000001f2c60c4920 Thread added: 0x000001f2c60c4920
Event: 2.911 Thread 0x000001f2c60c4920 Thread exited: 0x000001f2c60c4920
Event: 3.040 Thread 0x000001f2c681c250 Thread added: 0x000001f2c681c250
Event: 3.099 Thread 0x000001f2c681d0d0 Thread added: 0x000001f2c681d0d0
Event: 4.744 Thread 0x000001f2c681d0d0 Thread exited: 0x000001f2c681d0d0
Event: 4.872 Thread 0x000001f2c64354e0 Thread added: 0x000001f2c64354e0
Event: 5.604 Thread 0x000001f2c64354e0 Thread exited: 0x000001f2c64354e0
Event: 180.156 Thread 0x000001f2fcd31ca0 Thread added: 0x000001f2fcd31ca0
Event: 180.162 Thread 0x000001f3b8e28710 Thread added: 0x000001f3b8e28710
Event: 180.176 Thread 0x000001f3b8e28710 Thread exited: 0x000001f3b8e28710
Event: 180.178 Thread 0x000001f2f75dcc00 Thread exited: 0x000001f2f75dcc00


Dynamic libraries:
0x00007ff6d4480000 - 0x00007ff6d4490000 	C:\Program Files\Java\jdk-21\bin\java.exe
0x00007ffaa44b0000 - 0x00007ffaa46c7000 	C:\windows\SYSTEM32\ntdll.dll
0x00007ffaa2b20000 - 0x00007ffaa2be4000 	C:\windows\System32\KERNEL32.DLL
0x00007ffaa1880000 - 0x00007ffaa1c2c000 	C:\windows\System32\KERNELBASE.dll
0x00007ffaa1c30000 - 0x00007ffaa1d41000 	C:\windows\System32\ucrtbase.dll
0x00007ffa975f0000 - 0x00007ffa97609000 	C:\Program Files\Java\jdk-21\bin\jli.dll
0x00007ffa975d0000 - 0x00007ffa975eb000 	C:\Program Files\Java\jdk-21\bin\VCRUNTIME140.dll
0x00007ffaa21f0000 - 0x00007ffaa22a2000 	C:\windows\System32\ADVAPI32.dll
0x00007ffaa3d50000 - 0x00007ffaa3df7000 	C:\windows\System32\msvcrt.dll
0x00007ffaa4060000 - 0x00007ffaa410a000 	C:\windows\System32\sechost.dll
0x00007ffaa1850000 - 0x00007ffaa1878000 	C:\windows\System32\bcrypt.dll
0x00007ffaa2c60000 - 0x00007ffaa2d75000 	C:\windows\System32\RPCRT4.dll
0x00007ffaa3b40000 - 0x00007ffaa3cee000 	C:\windows\System32\USER32.dll
0x00007ffaa2120000 - 0x00007ffaa2146000 	C:\windows\System32\win32u.dll
0x00007ffaa4030000 - 0x00007ffaa4059000 	C:\windows\System32\GDI32.dll
0x00007ffaa1ec0000 - 0x00007ffaa1fd9000 	C:\windows\System32\gdi32full.dll
0x00007ffaa2150000 - 0x00007ffaa21ea000 	C:\windows\System32\msvcp_win.dll
0x00007ffa7d8f0000 - 0x00007ffa7db83000 	C:\windows\WinSxS\amd64_microsoft.windows.common-controls_6595b64144ccf1df_6.0.22621.3672_none_2713b9d173822955\COMCTL32.dll
0x00007ffa96490000 - 0x00007ffa9649a000 	C:\windows\SYSTEM32\VERSION.dll
0x00007ffaa43a0000 - 0x00007ffaa43d1000 	C:\windows\System32\IMM32.DLL
0x00007ffa99e10000 - 0x00007ffa99e1c000 	C:\Program Files\Java\jdk-21\bin\vcruntime140_1.dll
0x00007ffa49870000 - 0x00007ffa498fe000 	C:\Program Files\Java\jdk-21\bin\msvcp140.dll
0x00007ff9f87c0000 - 0x00007ff9f94d7000 	C:\Program Files\Java\jdk-21\bin\server\jvm.dll
0x00007ffaa3fb0000 - 0x00007ffaa4021000 	C:\windows\System32\WS2_32.dll
0x00007ffaa0630000 - 0x00007ffaa067d000 	C:\windows\SYSTEM32\POWRPROF.dll
0x00007ffa972d0000 - 0x00007ffa97304000 	C:\windows\SYSTEM32\WINMM.dll
0x00007ffaa0610000 - 0x00007ffaa0623000 	C:\windows\SYSTEM32\UMPDC.dll
0x00007ffaa0860000 - 0x00007ffaa0878000 	C:\windows\SYSTEM32\kernel.appcore.dll
0x00007ffa99190000 - 0x00007ffa9919a000 	C:\Program Files\Java\jdk-21\bin\jimage.dll
0x00007ffa9f0c0000 - 0x00007ffa9f2f2000 	C:\windows\SYSTEM32\DBGHELP.DLL
0x00007ffaa3550000 - 0x00007ffaa38d8000 	C:\windows\System32\combase.dll
0x00007ffaa2eb0000 - 0x00007ffaa2f87000 	C:\windows\System32\OLEAUT32.dll
0x00007ffa893a0000 - 0x00007ffa893d2000 	C:\windows\SYSTEM32\dbgcore.DLL
0x00007ffaa20a0000 - 0x00007ffaa211b000 	C:\windows\System32\bcryptPrimitives.dll
0x00007ffa97150000 - 0x00007ffa9715f000 	C:\Program Files\Java\jdk-21\bin\instrument.dll
0x00007ffa8dbd0000 - 0x00007ffa8dbef000 	C:\Program Files\Java\jdk-21\bin\java.dll
0x00007ffaa22c0000 - 0x00007ffaa2b1c000 	C:\windows\System32\SHELL32.dll
0x00007ffa9f6f0000 - 0x00007ffa9ffe7000 	C:\windows\SYSTEM32\windows.storage.dll
0x00007ffa9f5b0000 - 0x00007ffa9f6ef000 	C:\windows\SYSTEM32\wintypes.dll
0x00007ffaa38e0000 - 0x00007ffaa39d4000 	C:\windows\System32\SHCORE.dll
0x00007ffaa2bf0000 - 0x00007ffaa2c4e000 	C:\windows\System32\shlwapi.dll
0x00007ffaa1710000 - 0x00007ffaa1731000 	C:\windows\SYSTEM32\profapi.dll
0x00007ffa47c70000 - 0x00007ffa47d47000 	C:\Program Files\Java\jdk-21\bin\jsvml.dll
0x00007ffa866c0000 - 0x00007ffa866d8000 	C:\Program Files\Java\jdk-21\bin\zip.dll
0x00007ffa8d2f0000 - 0x00007ffa8d300000 	C:\Program Files\Java\jdk-21\bin\net.dll
0x00007ffa9a990000 - 0x00007ffa9aac6000 	C:\windows\SYSTEM32\WINHTTP.dll
0x00007ffaa0d30000 - 0x00007ffaa0d99000 	C:\windows\system32\mswsock.dll
0x00007ffa86900000 - 0x00007ffa86916000 	C:\Program Files\Java\jdk-21\bin\nio.dll
0x00007ffa7e990000 - 0x00007ffa7e9aa000 	C:\Program Files\JetBrains\IntelliJ IDEA 2023.3.6\bin\breakgen64.dll
0x00007ffa86850000 - 0x00007ffa86859000 	C:\Program Files\Java\jdk-21\bin\extnet.dll
0x00007ffa11260000 - 0x00007ffa113ef000 	C:\Program Files\Java\jdk-21\bin\awt.dll
0x00007ffa99060000 - 0x00007ffa990f7000 	C:\windows\SYSTEM32\apphelp.dll
0x00007ffa9e950000 - 0x00007ffa9e97b000 	C:\windows\system32\DWMAPI.DLL
0x00007ffa9e620000 - 0x00007ffa9e6ca000 	C:\windows\system32\uxtheme.dll
0x0000000065580000 - 0x0000000065616000 	C:\Users\alexr\AppData\Local\Temp\libgdxalexr\1cccfb10\gdx64.dll
0x00007ffaa0f60000 - 0x00007ffaa0f7b000 	C:\windows\SYSTEM32\CRYPTSP.dll
0x00007ffaa0820000 - 0x00007ffaa0855000 	C:\windows\system32\rsaenh.dll
0x00007ffaa0df0000 - 0x00007ffaa0e18000 	C:\windows\SYSTEM32\USERENV.dll
0x00007ffaa0f50000 - 0x00007ffaa0f5c000 	C:\windows\SYSTEM32\CRYPTBASE.dll
0x00007ffaa02c0000 - 0x00007ffaa02ed000 	C:\windows\SYSTEM32\IPHLPAPI.DLL
0x00007ffaa3540000 - 0x00007ffaa3549000 	C:\windows\System32\NSI.dll
0x00007ffa7e7c0000 - 0x00007ffa7e7d0000 	C:\Program Files\Java\jdk-21\bin\verify.dll
0x0000000180000000 - 0x0000000180053000 	C:\Users\alexr\AppData\Local\Temp\libgdxalexr\dc0f0009\lwjgl64.dll
0x00007ff9ffb60000 - 0x00007ff9ffc60000 	C:\windows\SYSTEM32\OPENGL32.dll
0x00007ffa57760000 - 0x00007ffa5778d000 	C:\windows\SYSTEM32\GLU32.dll
0x00007ffa9e7e0000 - 0x00007ffa9e819000 	C:\windows\SYSTEM32\dxcore.dll
0x000001f2fc650000 - 0x000001f2fc6b4000 	C:\Users\alexr\AppData\Local\Temp\libgdxalexr\dc0f0009\OpenAL64.dll
0x00007ffaa3e00000 - 0x00007ffaa3fa5000 	C:\windows\System32\ole32.dll
0x00007ffaa2d80000 - 0x00007ffaa2e30000 	C:\windows\System32\clbcatq.dll
0x00007ffa7e8c0000 - 0x00007ffa7e962000 	C:\windows\SYSTEM32\dsound.dll
0x00007ffa7a840000 - 0x00007ffa7a8f1000 	C:\windows\SYSTEM32\ResampleDmo.DLL
0x00007ffa76960000 - 0x00007ffa76989000 	C:\windows\SYSTEM32\winmmbase.dll
0x00007ffa8dc00000 - 0x00007ffa8dc0b000 	C:\windows\SYSTEM32\msdmo.dll
0x00007ffa933c0000 - 0x00007ffa9345d000 	C:\windows\System32\MMDevApi.dll
0x00007ffaa1490000 - 0x00007ffaa14bc000 	C:\windows\System32\DEVOBJ.dll
0x00007ffaa14c0000 - 0x00007ffaa150e000 	C:\windows\System32\CFGMGR32.dll
0x00007ffa88cc0000 - 0x00007ffa88eac000 	C:\windows\SYSTEM32\AUDIOSES.DLL
0x00007ffa9eeb0000 - 0x00007ffa9eec5000 	C:\windows\SYSTEM32\resourcepolicyclient.dll
0x00007ffa9a000000 - 0x00007ffa9a0bc000 	C:\windows\SYSTEM32\mscms.dll
0x00007ffa88f90000 - 0x00007ffa88fde000 	C:\Windows\System32\Windows.Internal.Graphics.Display.DisplayColorManagement.dll
0x00007ffaa39e0000 - 0x00007ffaa3b33000 	C:\windows\System32\MSCTF.dll
0x00007ffa84d20000 - 0x00007ffa84e6d000 	C:\windows\SYSTEM32\textinputframework.dll
0x00007ffa98b90000 - 0x00007ffa98cc3000 	C:\windows\SYSTEM32\CoreMessaging.dll
0x00007ffa95150000 - 0x00007ffa954bd000 	C:\windows\SYSTEM32\CoreUIComponents.dll
0x00007ffa964a0000 - 0x00007ffa964e9000 	C:\windows\SYSTEM32\directxdatabasehelper.dll
0x00007ffa99570000 - 0x00007ffa996ae000 	C:\Windows\System32\AppXDeploymentClient.dll
0x00007ff9e1730000 - 0x00007ff9e285b000 	C:\windows\System32\DriverStore\FileRepository\iigd_dch.inf_amd64_0fdf6ce291234272\igxelpicd64.dll
0x00007ffa9e820000 - 0x00007ffa9e917000 	C:\windows\system32\dxgi.dll
0x00007ffa11100000 - 0x00007ffa11255000 	C:\windows\System32\DriverStore\FileRepository\iigd_dch.inf_amd64_0fdf6ce291234272\igdml64.dll
0x00007ffa88230000 - 0x00007ffa88668000 	C:\windows\System32\DriverStore\FileRepository\iigd_dch.inf_amd64_0fdf6ce291234272\igdgmm64.dll
0x00007ffaa17e0000 - 0x00007ffaa184b000 	C:\windows\System32\WINTRUST.dll
0x00007ffaa1d50000 - 0x00007ffaa1eb7000 	C:\windows\System32\CRYPT32.dll
0x00007ffaa1470000 - 0x00007ffaa1482000 	C:\windows\SYSTEM32\MSASN1.dll
0x00007ffa7b6a0000 - 0x00007ffa7b6e9000 	C:\windows\SYSTEM32\icm32.dll
0x00007ffa7fcc0000 - 0x00007ffa83b6d000 	C:\windows\System32\DriverStore\FileRepository\iigd_dch.inf_amd64_0fdf6ce291234272\igc64.dll

dbghelp: loaded successfully - version: 4.0.5 - missing functions: none
symbol engine: initialized successfully - sym options: 0x614 - pdb path: .;C:\Program Files\Java\jdk-21\bin;C:\windows\SYSTEM32;C:\windows\WinSxS\amd64_microsoft.windows.common-controls_6595b64144ccf1df_6.0.22621.3672_none_2713b9d173822955;C:\Program Files\Java\jdk-21\bin\server;C:\Program Files\JetBrains\IntelliJ IDEA 2023.3.6\bin;C:\Users\alexr\AppData\Local\Temp\libgdxalexr\1cccfb10;C:\Users\alexr\AppData\Local\Temp\libgdxalexr\dc0f0009;C:\windows\System32\DriverStore\FileRepository\iigd_dch.inf_amd64_0fdf6ce291234272

VM Arguments:
jvm_args: -javaagent:C:\Program Files\JetBrains\IntelliJ IDEA 2023.3.6\lib\idea_rt.jar=51925:C:\Program Files\JetBrains\IntelliJ IDEA 2023.3.6\bin -Dfile.encoding=UTF-8 -Dsun.stdout.encoding=UTF-8 -Dsun.stderr.encoding=UTF-8 
java_command: main.Main
java_class_path (initial): C:\Users\alexr\OneDrive\Escritorio\UCAMON-POO-Proyecto\UCAMON\out\production\UCAMON;C:\Users\alexr\OneDrive\Escritorio\UCAMON-POO-Proyecto\UCAMON\src\Lib\gdx.jar;C:\Users\alexr\OneDrive\Escritorio\UCAMON-POO-Proyecto\UCAMON\src\Lib\gdx-tools.jar;C:\Users\alexr\OneDrive\Escritorio\UCAMON-POO-Proyecto\UCAMON\src\Lib\gdx-natives.jar;C:\Users\alexr\OneDrive\Escritorio\UCAMON-POO-Proyecto\UCAMON\src\Lib\gdx-sources.jar;C:\Users\alexr\OneDrive\Escritorio\UCAMON-POO-Proyecto\UCAMON\src\Lib\gdx-freetype.jar;C:\Users\alexr\OneDrive\Escritorio\UCAMON-POO-Proyecto\UCAMON\src\Lib\tween-engine-api.jar;C:\Users\alexr\OneDrive\Escritorio\UCAMON-POO-Proyecto\UCAMON\src\Lib\gdx-backend-lwjgl.jar;C:\Users\alexr\OneDrive\Escritorio\UCAMON-POO-Proyecto\UCAMON\src\Lib\gdx-freetype-natives.jar;C:\Users\alexr\OneDrive\Escritorio\UCAMON-POO-Proyecto\UCAMON\src\Lib\tween-engine-api-sources.jar;C:\Users\alexr\OneDrive\Escritorio\UCAMON-POO-Proyecto\UCAMON\src\Lib\gdx-backend-lwjgl-natives.jar
Launcher Type: SUN_STANDARD

[Global flags]
     intx CICompilerCount                          = 4                                         {product} {ergonomic}
     uint ConcGCThreads                            = 3                                         {product} {ergonomic}
     uint G1ConcRefinementThreads                  = 10                                        {product} {ergonomic}
   size_t G1HeapRegionSize                         = 2097152                                   {product} {ergonomic}
    uintx GCDrainStackTargetSize                   = 64                                        {product} {ergonomic}
   size_t InitialHeapSize                          = 264241152                                 {product} {ergonomic}
   size_t MarkStackSize                            = 4194304                                   {product} {ergonomic}
   size_t MaxHeapSize                              = 4208984064                                {product} {ergonomic}
   size_t MaxNewSize                               = 2524971008                                {product} {ergonomic}
   size_t MinHeapDeltaBytes                        = 2097152                                   {product} {ergonomic}
   size_t MinHeapSize                              = 8388608                                   {product} {ergonomic}
    uintx NonNMethodCodeHeapSize                   = 5839372                                {pd product} {ergonomic}
    uintx NonProfiledCodeHeapSize                  = 122909434                              {pd product} {ergonomic}
    uintx ProfiledCodeHeapSize                     = 122909434                              {pd product} {ergonomic}
    uintx ReservedCodeCacheSize                    = 251658240                              {pd product} {ergonomic}
     bool SegmentedCodeCache                       = true                                      {product} {ergonomic}
   size_t SoftMaxHeapSize                          = 4208984064                             {manageable} {ergonomic}
     bool UseCompressedOops                        = true                           {product lp64_product} {ergonomic}
     bool UseG1GC                                  = true                                      {product} {ergonomic}
     bool UseLargePagesIndividualAllocation        = false                                  {pd product} {ergonomic}

Logging:
Log output configuration:
 #0: 
[error occurred during error reporting (printing log configuration), id 0xc0000005, EXCEPTION_ACCESS_VIOLATION (0xc0000005) at pc=0x000001f2c6994510]
Environment Variables:
PATH=C:\Users\alexr\bin;C:\Program Files\Git\mingw64\bin;C:\Program Files\Git\usr\local\bin;C:\Program Files\Git\usr\bin;C:\Program Files\Git\usr\bin;C:\Program Files\Git\mingw64\bin;C:\Program Files\Git\usr\bin;C:\Users\alexr\bin;C:\Program Files\Common Files\Oracle\Java\javapath;C:\windows\system32;C:\windows;C:\windows\System32\Wbem;C:\windows\System32\WindowsPowerShell\v1.0;C:\windows\System32\OpenSSH;C:\Program Files (x86)\NVIDIA Corporation\PhysX\Common;C:\Program Files\NVIDIA Corporation\NVIDIA NvDLISR;C:\Program Files\HP\HP One Agent;C:\Program Files (x86)\Microsoft SQL Server\160\Tools\Binn;C:\Program Files\Microsoft SQL Server\160\Tools\Binn;C:\Program Files\Microsoft SQL Server\Client SDK\ODBC\170\Tools\Binn;C:\Program Files\Microsoft SQL Server\160\DTS\Binn;C:\Program Files (x86)\Microsoft SQL Server\160\DTS\Binn;C:\Program Files\Git\cmd;C:\Program Files\MySQL\MySQL Shell 8.0\bin;C:\Users\alexr\AppData\Local\Microsoft\WindowsApps;C:\Users\alexr\AppData\Local\Programs\Microsoft VS Code\bin;C:\Windows\System32\WindowsPowerShell\v1.0;C:\Program Files\JetBrains\IntelliJ IDEA 2023.3.6\bin;C:\Program Files\JetBrains\DataGrip 2024.1.3\bin;C:\Program Files\Git\usr\bin\vendor_perl;C:\Program Files\Git\usr\bin\core_perl
USERNAME=alexr
SHELL=C:\Program Files\Git\usr\bin\bash.exe
DISPLAY=needs-to-be-defined
LC_CTYPE=es_MX.UTF-8
TERM=xterm
TMPDIR=C:\Users\alexr\AppData\Local\Temp
OS=Windows_NT
PROCESSOR_IDENTIFIER=Intel64 Family 6 Model 154 Stepping 3, GenuineIntel
TMP=C:\Users\alexr\AppData\Local\Temp
TEMP=C:\Users\alexr\AppData\Local\Temp




Periodic native trim disabled

---------------  S Y S T E M  ---------------

OS:
 Windows 11 , 64 bit Build 22621 (10.0.22621.3672)
OS uptime: 3 days 0:32 hours
Hyper-V role detected

CPU: total 12 (initial active 12) (6 cores per cpu, 2 threads per core) family 6 model 154 stepping 3 microcode 0x432, cx8, cmov, fxsr, ht, mmx, 3dnowpref, sse, sse2, sse3, ssse3, sse4.1, sse4.2, popcnt, lzcnt, tsc, tscinvbit, avx, avx2, aes, erms, clmul, bmi1, bmi2, adx, sha, fma, vzeroupper, clflush, clflushopt, clwb, hv, serialize, rdtscp, rdpid, fsrm, f16c, cet_ibt, cet_ss
Processor Information for processor 0
  Max Mhz: 2000, Current Mhz: 2000, Mhz Limit: 2000
Processor Information for processor 1
  Max Mhz: 2000, Current Mhz: 2000, Mhz Limit: 2000
Processor Information for processor 2
  Max Mhz: 2000, Current Mhz: 2000, Mhz Limit: 2000
Processor Information for processor 3
  Max Mhz: 2000, Current Mhz: 2000, Mhz Limit: 2000
Processor Information for processor 4
  Max Mhz: 2000, Current Mhz: 2000, Mhz Limit: 2000
Processor Information for processor 5
  Max Mhz: 2000, Current Mhz: 1520, Mhz Limit: 2000
Processor Information for processor 6
  Max Mhz: 2000, Current Mhz: 2000, Mhz Limit: 2000
Processor Information for processor 7
  Max Mhz: 2000, Current Mhz: 2000, Mhz Limit: 2000
Processor Information for processor 8
  Max Mhz: 2000, Current Mhz: 1500, Mhz Limit: 1500
Processor Information for processor 9
  Max Mhz: 2000, Current Mhz: 1500, Mhz Limit: 1500
Processor Information for processor 10
  Max Mhz: 2000, Current Mhz: 1500, Mhz Limit: 1500
Processor Information for processor 11
  Max Mhz: 2000, Current Mhz: 1500, Mhz Limit: 1500

Memory: 4k page, system-wide physical 16052M (940M free)
TotalPageFile size 34046M (AvailPageFile size 8989M)
current process WorkingSet (physical memory assigned to process): 7395M, peak: 7519M
current process commit charge ("private bytes"): 11187M, peak: 16495M

vm_info: Java HotSpot(TM) 64-Bit Server VM (21.0.2+13-LTS-58) for windows-amd64 JRE (21.0.2+13-LTS-58), built on 2024-01-05T18:32:24Z by "mach5one" with MS VC++ 17.1 (VS2022)

END.
