#
# A fatal error has been detected by the Java Runtime Environment:
#
#  EXCEPTION_ACCESS_VIOLATION (0xc0000005) at pc=0x00007ffde2c015e5, pid=10356, tid=15392
#
# JRE version: Java(TM) SE Runtime Environment (21.0.2+13) (build 21.0.2+13-LTS-58)
# Java VM: Java HotSpot(TM) 64-Bit Server VM (21.0.2+13-LTS-58, mixed mode, sharing, tiered, compressed oops, compressed class ptrs, g1 gc, windows-amd64)
# Problematic frame:
# C  [ig11icd64.dll+0x415e5]
#
# No core dump will be written. Minidumps are not enabled by default on client versions of Windows
#
# If you would like to submit a bug report, please visit:
#   https://bugreport.java.com/bugreport/crash.jsp
#

---------------  S U M M A R Y ------------

Command Line: -javaagent:C:\Program Files\JetBrains\IntelliJ IDEA 2024.1\lib\idea_rt.jar=62708:C:\Program Files\JetBrains\IntelliJ IDEA 2024.1\bin -Dfile.encoding=UTF-8 -Dsun.stdout.encoding=UTF-8 -Dsun.stderr.encoding=UTF-8 main.Main

Host: Intel(R) Core(TM) i3-1005G1 CPU @ 1.20GHz, 4 cores, 7G,  Windows 10 , 64 bit Build 19041 (10.0.19041.3636)
Time: Wed Jun  5 23:03:28 2024 Hora estándar, América Central elapsed time: 29.541707 seconds (0d 0h 0m 29s)

---------------  T H R E A D  ---------------

Current thread (0x0000026dd7cb8920):  VMThread "VM Thread"          [id=15392, stack(0x0000008a50e00000,0x0000008a50f00000) (1024K)]

Stack: [0x0000008a50e00000,0x0000008a50f00000],  sp=0x0000008a50efe5d0,  free space=1017k
Native frames: (J=compiled Java code, j=interpreted, Vv=VM code, C=native code)
C  [ig11icd64.dll+0x415e5]


siginfo: EXCEPTION_ACCESS_VIOLATION (0xc0000005), reading address 0x0000000000034868


Registers:
RAX=0x0000026e1dc77598, RBX=0x0000026e1dc774d0, RCX=0x0000000000000000, RDX=0x0000026e1dc77598
RSP=0x0000008a50efe5d0, RBP=0x0000000000000000, RSI=0x0000026e24816320, RDI=0x0000026e1d15a470
R8 =0x0000000000000000, R9 =0x0000000000000000, R10=0x0000000000000000, R11=0x0000000000000246
R12=0x0000026e1da88a00, R13=0x0000000000000000, R14=0x0000026e1dc77960, R15=0x0000000000000000
RIP=0x00007ffde2c015e5, EFLAGS=0x0000000000010202


Register to memory mapping:

RAX=0x0000026e1dc77598 points into unknown readable memory: 0x000000000017acbb | bb ac 17 00 00 00 00 00
RBX=0x0000026e1dc774d0 points into unknown readable memory: 0x0000026e1da3af90 | 90 af a3 1d 6e 02 00 00
RCX=0x0 is null
RDX=0x0000026e1dc77598 points into unknown readable memory: 0x000000000017acbb | bb ac 17 00 00 00 00 00
RSP=0x0000008a50efe5d0 points into unknown readable memory: 0x0000000000000000 | 00 00 00 00 00 00 00 00
RBP=0x0 is null
RSI=0x0000026e24816320 points into unknown readable memory: 0x0000026e1da3af90 | 90 af a3 1d 6e 02 00 00
RDI=0x0000026e1d15a470 points into unknown readable memory: 0x0000026e1d15a300 | 00 a3 15 1d 6e 02 00 00
R8 =0x0 is null
R9 =0x0 is null
R10=0x0 is null
R11=0x0000000000000246 is an unknown value
R12=0x0000026e1da88a00 points into unknown readable memory: 0x0000000000000000 | 00 00 00 00 00 00 00 00
R13=0x0 is null
R14=0x0000026e1dc77960 points into unknown readable memory: 0x0000026e24816320 | 20 63 81 24 6e 02 00 00
R15=0x0 is null

Top of Stack: (sp=0x0000008a50efe5d0)
0x0000008a50efe5d0:   0000000000000000 0000000000000000
0x0000008a50efe5e0:   00002172885d7fff 0000005400000000
0x0000008a50efe5f0:   0000000000000088 0000000000000000
0x0000008a50efe600:   000000000017eff9 0000026e1da88a00
0x0000008a50efe610:   0000b802000000a8 00007ffde2be4a56
0x0000008a50efe620:   0000026e1d9d6a80 0000026e1d15a470
0x0000008a50efe630:   0000008a50efe720 0000000000000000
0x0000008a50efe640:   0000000000000000 0000000000000000
0x0000008a50efe650:   0000008a5036a000 0000008a50efe8f0
0x0000008a50efe660:   000085d450efe800 0000000000000000
0x0000008a50efe670:   0000000000000000 0000008a50efe930
0x0000008a50efe680:   00002172885d7a4f 00007ffe3deac3c8
0x0000008a50efe690:   0000000000000000 0000008a50efe770
0x0000008a50efe6a0:   0000000000000088 0000026e1da89cc0
0x0000008a50efe6b0:   0000000000000000 0000026e1da89cc8
0x0000008a50efe6c0:   0000b802000000a8 00000000000273dc
0x0000008a50efe6d0:   0000000000000000 4000044000000001
0x0000008a50efe6e0:   0000000000000000 0000000000000000
0x0000008a50efe6f0:   0000000000000000 0000000000000000
0x0000008a50efe700:   0000000000000000 0000000000000000
0x0000008a50efe710:   0000000000000000 0000000000000000
0x0000008a50efe720:   0000000000000000 0000000000000000
0x0000008a50efe730:   0000000000000000 0000000000000000
0x0000008a50efe740:   0000000000000000 0000000000000000
0x0000008a50efe750:   0000000000000000 0000000000000000
0x0000008a50efe760:   0000000000000000 0000000000000000
0x0000008a50efe770:   0000000000000000 0000000000000000
0x0000008a50efe780:   0000000000000000 0000000000000000
0x0000008a50efe790:   0000000000000000 0000000000000000
0x0000008a50efe7a0:   0000000000000000 0000000000000000
0x0000008a50efe7b0:   0000000000000000 0000000000000000
0x0000008a50efe7c0:   0000000000000000 0000000000000000 

Instructions: (pc=0x00007ffde2c015e5)
0x00007ffde2c014e5:   c7 87 88 02 00 00 00 00 00 00 48 c7 87 a0 02 00
0x00007ffde2c014f5:   00 00 00 00 00 48 c7 87 90 02 00 00 00 00 00 00
0x00007ffde2c01505:   48 85 ed 75 1c 65 48 8b 0c 25 58 00 00 00 8b 05
0x00007ffde2c01515:   fb 53 e4 00 bd 10 00 00 00 48 8b 04 c1 48 8b 2c
0x00007ffde2c01525:   28 48 85 f6 0f 84 4d 03 00 00 90 48 8b de 4c 8d
0x00007ffde2c01535:   b6 90 04 00 00 49 8b 36 45 84 ff 0f 85 eb 02 00
0x00007ffde2c01545:   00 8b 8f e0 01 00 00 48 8b 05 9d c0 c5 00 83 b8
0x00007ffde2c01555:   50 03 00 00 02 0f 85 f9 00 00 00 48 8d 93 c8 00
0x00007ffde2c01565:   00 00 83 f9 10 73 06 48 6b c1 38 eb 5d 44 8d 41
0x00007ffde2c01575:   f0 41 8b c0 c1 e8 04 83 f8 03 73 20 0f ae e8 41
0x00007ffde2c01585:   83 e0 0f 4c 8b 8c c2 80 03 00 00 4d 85 c9 74 28
0x00007ffde2c01595:   41 8b c0 48 6b c0 38 49 03 c1 eb 31 48 8b 82 98
0x00007ffde2c015a5:   03 00 00 48 85 c0 74 10 0f 1f 00 39 08 74 29 48
0x00007ffde2c015b5:   8b 40 40 48 85 c0 75 f3 80 ba a0 03 00 00 00 74
0x00007ffde2c015c5:   1d 8b c1 83 e0 0f 48 6b c0 38 48 03 c2 48 85 c0
0x00007ffde2c015d5:   74 0c 48 8b 48 08 eb 08 48 83 c0 08 eb ef 33 c9
0x00007ffde2c015e5:   48 3b 8d 68 48 03 00 76 6b 48 8b 87 80 02 00 00
0x00007ffde2c015f5:   49 89 06 48 89 9f 80 02 00 00 ff 87 88 02 00 00
0x00007ffde2c01605:   48 8b 4b 08 48 8b 01 ba 01 00 00 00 48 8b 80 d0
0x00007ffde2c01615:   02 00 00 ff 15 6a f0 9f 00 0f b7 c8 48 2b c1 48
0x00007ffde2c01625:   05 00 00 01 00 48 01 87 90 02 00 00 48 8b 4b 08
0x00007ffde2c01635:   48 8b 01 ba 01 00 00 00 48 8b 80 d0 02 00 00 ff
0x00007ffde2c01645:   15 3e f0 9f 00 48 01 87 a0 02 00 00 41 b4 01 e9
0x00007ffde2c01655:   e3 01 00 00 44 8b 9f e0 01 00 00 48 8b 87 f8 01
0x00007ffde2c01665:   00 00 4c 8b 10 8b 8f e0 01 00 00 48 8d 93 c8 00
0x00007ffde2c01675:   00 00 83 f9 10 73 06 48 6b c1 38 eb 5d 44 8d 41
0x00007ffde2c01685:   f0 41 8b c0 c1 e8 04 83 f8 03 73 20 0f ae e8 41
0x00007ffde2c01695:   83 e0 0f 4c 8b 8c c2 80 03 00 00 4d 85 c9 74 28
0x00007ffde2c016a5:   41 8b c0 48 6b c0 38 49 03 c1 eb 31 48 8b 82 98
0x00007ffde2c016b5:   03 00 00 48 85 c0 74 10 0f 1f 00 39 08 74 3e 48
0x00007ffde2c016c5:   8b 40 40 48 85 c0 75 f3 80 ba a0 03 00 00 00 74
0x00007ffde2c016d5:   1b 8b c1 83 e0 0f 48 6b c0 38 48 03 c2 48 85 c0 


Stack slot to memory mapping:

stack at sp + 0 slots: 0x0 is null
stack at sp + 1 slots: 0x0 is null
stack at sp + 2 slots: 0x00002172885d7fff is an unknown value
stack at sp + 3 slots: 0x0000005400000000 is an unknown value
stack at sp + 4 slots: 0x0000000000000088 is an unknown value
stack at sp + 5 slots: 0x0 is null
stack at sp + 6 slots: 0x000000000017eff9 is an unknown value
stack at sp + 7 slots: 0x0000026e1da88a00 points into unknown readable memory: 0x0000000000000000 | 00 00 00 00 00 00 00 00

VM_Operation (0x0000008a525ff030): Exit, mode: safepoint, requested by thread 0x0000026e1d089e50


---------------  P R O C E S S  ---------------

Threads class SMR info:
_java_thread_list=0x0000026e1d03eea0, length=17, elements={
0x0000026dd7cda7b0, 0x0000026dd7cdb680, 0x0000026dd7cde900, 0x0000026dd7cdf600,
0x0000026dd7ce4f50, 0x0000026dd7ce5920, 0x0000026dd7cf24b0, 0x0000026dd7cf7ce0,
0x0000026e1d088aa0, 0x0000026e1d08a4e0, 0x0000026e1d089130, 0x0000026e1d08b200,
0x0000026e1d08ab70, 0x0000026e1d0897c0, 0x0000026e1d08bf20, 0x0000026e1d089e50,
0x0000026e1d08b890
}

Java Threads: ( => current thread )
  0x0000026dd7cda7b0 JavaThread "Reference Handler"          daemon [_thread_blocked, id=6596, stack(0x0000008a50f00000,0x0000008a51000000) (1024K)]
  0x0000026dd7cdb680 JavaThread "Finalizer"                  daemon [_thread_blocked, id=19276, stack(0x0000008a51000000,0x0000008a51100000) (1024K)]
  0x0000026dd7cde900 JavaThread "Signal Dispatcher"          daemon [_thread_blocked, id=4628, stack(0x0000008a51100000,0x0000008a51200000) (1024K)]
  0x0000026dd7cdf600 JavaThread "Attach Listener"            daemon [_thread_blocked, id=7320, stack(0x0000008a51200000,0x0000008a51300000) (1024K)]
  0x0000026dd7ce4f50 JavaThread "Service Thread"             daemon [_thread_blocked, id=6140, stack(0x0000008a51300000,0x0000008a51400000) (1024K)]
  0x0000026dd7ce5920 JavaThread "Monitor Deflation Thread"   daemon [_thread_blocked, id=19316, stack(0x0000008a51400000,0x0000008a51500000) (1024K)]
  0x0000026dd7cf24b0 JavaThread "C2 CompilerThread0"         daemon [_thread_blocked, id=18260, stack(0x0000008a51500000,0x0000008a51600000) (1024K)]
  0x0000026dd7cf7ce0 JavaThread "C1 CompilerThread0"         daemon [_thread_blocked, id=22296, stack(0x0000008a51600000,0x0000008a51700000) (1024K)]
  0x0000026e1d088aa0 JavaThread "Common-Cleaner"             daemon [_thread_blocked, id=19044, stack(0x0000008a51700000,0x0000008a51800000) (1024K)]
  0x0000026e1d08a4e0 JavaThread "Monitor Ctrl-Break"         daemon [_thread_in_native, id=17208, stack(0x0000008a51800000,0x0000008a51900000) (1024K)]
  0x0000026e1d089130 JavaThread "Notification Thread"        daemon [_thread_blocked, id=18472, stack(0x0000008a51900000,0x0000008a51a00000) (1024K)]
  0x0000026e1d08b200 JavaThread "LWJGL Application"                 [_thread_blocked, id=15632, stack(0x0000008a51c00000,0x0000008a51d00000) (1024K)]
  0x0000026e1d08ab70 JavaThread "DestroyJavaVM"                     [_thread_blocked, id=20812, stack(0x0000008a50700000,0x0000008a50800000) (1024K)]
  0x0000026e1d0897c0 JavaThread "AsynchExecutor-Thread"      daemon [_thread_blocked, id=3276, stack(0x0000008a52300000,0x0000008a52400000) (1024K)]
  0x0000026e1d08bf20 JavaThread "LWJGL Timer"                daemon [_thread_blocked, id=9924, stack(0x0000008a52400000,0x0000008a52500000) (1024K)]
  0x0000026e1d089e50 JavaThread "SIGINT handler"             daemon [_thread_blocked, id=21532, stack(0x0000008a52500000,0x0000008a52600000) (1024K)]
  0x0000026e1d08b890 JavaThread "Thread-0"                          [_thread_blocked, id=22196, stack(0x0000008a52900000,0x0000008a52a00000) (1024K)]
Total: 17

Other Threads:
=>0x0000026dd7cb8920 VMThread "VM Thread"                           [id=15392, stack(0x0000008a50e00000,0x0000008a50f00000) (1024K)]
  0x0000026db9e0dc80 WorkerThread "GC Thread#0"                     [id=14856, stack(0x0000008a50800000,0x0000008a50900000) (1024K)]
  0x0000026e24855030 WorkerThread "GC Thread#1"                     [id=13776, stack(0x0000008a52600000,0x0000008a52700000) (1024K)]
  0x0000026e248553d0 WorkerThread "GC Thread#2"                     [id=4568, stack(0x0000008a52700000,0x0000008a52800000) (1024K)]
  0x0000026e1de9d5d0 WorkerThread "GC Thread#3"                     [id=5980, stack(0x0000008a52800000,0x0000008a52900000) (1024K)]
  0x0000026db9e1e320 ConcurrentGCThread "G1 Main Marker"            terminated
  0x0000026db9e1efd0 WorkerThread "G1 Conc#0"                       [id=20708, stack(0x0000008a50a00000,0x0000008a50b00000) (1024K)]
  0x0000026dd7b710a0 ConcurrentGCThread "G1 Refine#0"               terminated
  0x0000026db9e8d850 ConcurrentGCThread "G1 Service"                terminated
Total: 9

Threads with active compile tasks:
Total: 0

VM state: at safepoint (shutting down)

VM Mutex/Monitor currently owned by a thread:  ([mutex/lock_event])
[0x00007ffde596cd68] Threads_lock - owner thread: 0x0000026dd7cb8920
[0x00007ffde596ce68] Heap_lock - owner thread: 0x0000026e1d089e50

Heap address: 0x0000000084e00000, size: 1970 MB, Compressed Oops mode: 32-bit

CDS archive(s) mapped at: [0x0000026dd8000000-0x0000026dd8c90000-0x0000026dd8c90000), size 13172736, SharedBaseAddress: 0x0000026dd8000000, ArchiveRelocationMode: 1.
Compressed class space mapped at: 0x0000026dd9000000-0x0000026e19000000, reserved size: 1073741824
Narrow klass base: 0x0000026dd8000000, Narrow klass shift: 0, Narrow klass range: 0x100000000

GC Precious Log:
 CardTable entry size: 512
 Card Set container configuration: InlinePtr #cards 5 size 8 Array Of Cards #cards 12 size 40 Howl #buckets 4 coarsen threshold 1843 Howl Bitmap #cards 512 size 80 coarsen threshold 460 Card regions per heap region 1 cards per card region 2048
 CPUs: 4 total, 4 available
 Memory: 7879M
 Large Page Support: Disabled
 NUMA Support: Disabled
 Compressed Oops: Enabled (32-bit)
 Heap Region Size: 1M
 Heap Min Capacity: 8M
 Heap Initial Capacity: 124M
 Heap Max Capacity: 1970M
 Pre-touch: Disabled
 Parallel Workers: 4
 Concurrent Workers: 1
 Concurrent Refinement Workers: 4
 Periodic GC: Disabled

Heap:
 garbage-first heap   total 126976K, used 2724K [0x0000000084e00000, 0x0000000100000000)
  region size 1024K, 3 young (3072K), 2 survivors (2048K)
 Metaspace       used 5505K, committed 5696K, reserved 1114112K
  class space    used 420K, committed 512K, reserved 1048576K

Heap Regions: E=young(eden), S=young(survivor), O=old, HS=humongous(starts), HC=humongous(continues), CS=collection set, F=free, TAMS=top-at-mark-start, PB=parsable bottom
|   0|0x0000000084e00000, 0x0000000084ea9010, 0x0000000084f00000| 66%| O|  |TAMS 0x0000000084e00000| PB 0x0000000084e00000| Untracked 
|   1|0x0000000084f00000, 0x0000000084f00000, 0x0000000085000000|  0%| F|  |TAMS 0x0000000084f00000| PB 0x0000000084f00000| Untracked 
|   2|0x0000000085000000, 0x0000000085000000, 0x0000000085100000|  0%| F|  |TAMS 0x0000000085000000| PB 0x0000000085000000| Untracked 
|   3|0x0000000085100000, 0x0000000085100000, 0x0000000085200000|  0%| F|  |TAMS 0x0000000085100000| PB 0x0000000085100000| Untracked 
|   4|0x0000000085200000, 0x0000000085200000, 0x0000000085300000|  0%| F|  |TAMS 0x0000000085200000| PB 0x0000000085200000| Untracked 
|   5|0x0000000085300000, 0x0000000085300000, 0x0000000085400000|  0%| F|  |TAMS 0x0000000085300000| PB 0x0000000085300000| Untracked 
|   6|0x0000000085400000, 0x0000000085400000, 0x0000000085500000|  0%| F|  |TAMS 0x0000000085400000| PB 0x0000000085400000| Untracked 
|   7|0x0000000085500000, 0x0000000085500000, 0x0000000085600000|  0%| F|  |TAMS 0x0000000085500000| PB 0x0000000085500000| Untracked 
|   8|0x0000000085600000, 0x0000000085600000, 0x0000000085700000|  0%| F|  |TAMS 0x0000000085600000| PB 0x0000000085600000| Untracked 
|   9|0x0000000085700000, 0x0000000085700000, 0x0000000085800000|  0%| F|  |TAMS 0x0000000085700000| PB 0x0000000085700000| Untracked 
|  10|0x0000000085800000, 0x0000000085800000, 0x0000000085900000|  0%| F|  |TAMS 0x0000000085800000| PB 0x0000000085800000| Untracked 
|  11|0x0000000085900000, 0x0000000085900000, 0x0000000085a00000|  0%| F|  |TAMS 0x0000000085900000| PB 0x0000000085900000| Untracked 
|  12|0x0000000085a00000, 0x0000000085a00000, 0x0000000085b00000|  0%| F|  |TAMS 0x0000000085a00000| PB 0x0000000085a00000| Untracked 
|  13|0x0000000085b00000, 0x0000000085b00000, 0x0000000085c00000|  0%| F|  |TAMS 0x0000000085b00000| PB 0x0000000085b00000| Untracked 
|  14|0x0000000085c00000, 0x0000000085c00000, 0x0000000085d00000|  0%| F|  |TAMS 0x0000000085c00000| PB 0x0000000085c00000| Untracked 
|  15|0x0000000085d00000, 0x0000000085d00000, 0x0000000085e00000|  0%| F|  |TAMS 0x0000000085d00000| PB 0x0000000085d00000| Untracked 
|  16|0x0000000085e00000, 0x0000000085e00000, 0x0000000085f00000|  0%| F|  |TAMS 0x0000000085e00000| PB 0x0000000085e00000| Untracked 
|  17|0x0000000085f00000, 0x0000000085f00000, 0x0000000086000000|  0%| F|  |TAMS 0x0000000085f00000| PB 0x0000000085f00000| Untracked 
|  18|0x0000000086000000, 0x0000000086000000, 0x0000000086100000|  0%| F|  |TAMS 0x0000000086000000| PB 0x0000000086000000| Untracked 
|  19|0x0000000086100000, 0x0000000086100000, 0x0000000086200000|  0%| F|  |TAMS 0x0000000086100000| PB 0x0000000086100000| Untracked 
|  20|0x0000000086200000, 0x0000000086200000, 0x0000000086300000|  0%| F|  |TAMS 0x0000000086200000| PB 0x0000000086200000| Untracked 
|  21|0x0000000086300000, 0x0000000086300000, 0x0000000086400000|  0%| F|  |TAMS 0x0000000086300000| PB 0x0000000086300000| Untracked 
|  22|0x0000000086400000, 0x0000000086400000, 0x0000000086500000|  0%| F|  |TAMS 0x0000000086400000| PB 0x0000000086400000| Untracked 
|  23|0x0000000086500000, 0x0000000086500000, 0x0000000086600000|  0%| F|  |TAMS 0x0000000086500000| PB 0x0000000086500000| Untracked 
|  24|0x0000000086600000, 0x0000000086600000, 0x0000000086700000|  0%| F|  |TAMS 0x0000000086600000| PB 0x0000000086600000| Untracked 
|  25|0x0000000086700000, 0x0000000086700000, 0x0000000086800000|  0%| F|  |TAMS 0x0000000086700000| PB 0x0000000086700000| Untracked 
|  26|0x0000000086800000, 0x0000000086800000, 0x0000000086900000|  0%| F|  |TAMS 0x0000000086800000| PB 0x0000000086800000| Untracked 
|  27|0x0000000086900000, 0x0000000086900000, 0x0000000086a00000|  0%| F|  |TAMS 0x0000000086900000| PB 0x0000000086900000| Untracked 
|  28|0x0000000086a00000, 0x0000000086a00000, 0x0000000086b00000|  0%| F|  |TAMS 0x0000000086a00000| PB 0x0000000086a00000| Untracked 
|  29|0x0000000086b00000, 0x0000000086b00000, 0x0000000086c00000|  0%| F|  |TAMS 0x0000000086b00000| PB 0x0000000086b00000| Untracked 
|  30|0x0000000086c00000, 0x0000000086c00000, 0x0000000086d00000|  0%| F|  |TAMS 0x0000000086c00000| PB 0x0000000086c00000| Untracked 
|  31|0x0000000086d00000, 0x0000000086d00000, 0x0000000086e00000|  0%| F|  |TAMS 0x0000000086d00000| PB 0x0000000086d00000| Untracked 
|  32|0x0000000086e00000, 0x0000000086e00000, 0x0000000086f00000|  0%| F|  |TAMS 0x0000000086e00000| PB 0x0000000086e00000| Untracked 
|  33|0x0000000086f00000, 0x0000000086f00000, 0x0000000087000000|  0%| F|  |TAMS 0x0000000086f00000| PB 0x0000000086f00000| Untracked 
|  34|0x0000000087000000, 0x0000000087000000, 0x0000000087100000|  0%| F|  |TAMS 0x0000000087000000| PB 0x0000000087000000| Untracked 
|  35|0x0000000087100000, 0x0000000087100000, 0x0000000087200000|  0%| F|  |TAMS 0x0000000087100000| PB 0x0000000087100000| Untracked 
|  36|0x0000000087200000, 0x0000000087200000, 0x0000000087300000|  0%| F|  |TAMS 0x0000000087200000| PB 0x0000000087200000| Untracked 
|  37|0x0000000087300000, 0x0000000087300000, 0x0000000087400000|  0%| F|  |TAMS 0x0000000087300000| PB 0x0000000087300000| Untracked 
|  38|0x0000000087400000, 0x0000000087400000, 0x0000000087500000|  0%| F|  |TAMS 0x0000000087400000| PB 0x0000000087400000| Untracked 
|  39|0x0000000087500000, 0x0000000087500000, 0x0000000087600000|  0%| F|  |TAMS 0x0000000087500000| PB 0x0000000087500000| Untracked 
|  40|0x0000000087600000, 0x0000000087600000, 0x0000000087700000|  0%| F|  |TAMS 0x0000000087600000| PB 0x0000000087600000| Untracked 
|  41|0x0000000087700000, 0x0000000087700000, 0x0000000087800000|  0%| F|  |TAMS 0x0000000087700000| PB 0x0000000087700000| Untracked 
|  42|0x0000000087800000, 0x0000000087800000, 0x0000000087900000|  0%| F|  |TAMS 0x0000000087800000| PB 0x0000000087800000| Untracked 
|  43|0x0000000087900000, 0x0000000087900000, 0x0000000087a00000|  0%| F|  |TAMS 0x0000000087900000| PB 0x0000000087900000| Untracked 
|  44|0x0000000087a00000, 0x0000000087a00000, 0x0000000087b00000|  0%| F|  |TAMS 0x0000000087a00000| PB 0x0000000087a00000| Untracked 
|  45|0x0000000087b00000, 0x0000000087b00000, 0x0000000087c00000|  0%| F|  |TAMS 0x0000000087b00000| PB 0x0000000087b00000| Untracked 
|  46|0x0000000087c00000, 0x0000000087c00000, 0x0000000087d00000|  0%| F|  |TAMS 0x0000000087c00000| PB 0x0000000087c00000| Untracked 
|  47|0x0000000087d00000, 0x0000000087d00000, 0x0000000087e00000|  0%| F|  |TAMS 0x0000000087d00000| PB 0x0000000087d00000| Untracked 
|  48|0x0000000087e00000, 0x0000000087e00000, 0x0000000087f00000|  0%| F|  |TAMS 0x0000000087e00000| PB 0x0000000087e00000| Untracked 
|  49|0x0000000087f00000, 0x0000000087f00000, 0x0000000088000000|  0%| F|  |TAMS 0x0000000087f00000| PB 0x0000000087f00000| Untracked 
|  50|0x0000000088000000, 0x0000000088000000, 0x0000000088100000|  0%| F|  |TAMS 0x0000000088000000| PB 0x0000000088000000| Untracked 
|  51|0x0000000088100000, 0x0000000088100000, 0x0000000088200000|  0%| F|  |TAMS 0x0000000088100000| PB 0x0000000088100000| Untracked 
|  52|0x0000000088200000, 0x0000000088200000, 0x0000000088300000|  0%| F|  |TAMS 0x0000000088200000| PB 0x0000000088200000| Untracked 
|  53|0x0000000088300000, 0x0000000088300000, 0x0000000088400000|  0%| F|  |TAMS 0x0000000088300000| PB 0x0000000088300000| Untracked 
|  54|0x0000000088400000, 0x0000000088400000, 0x0000000088500000|  0%| F|  |TAMS 0x0000000088400000| PB 0x0000000088400000| Untracked 
|  55|0x0000000088500000, 0x0000000088500000, 0x0000000088600000|  0%| F|  |TAMS 0x0000000088500000| PB 0x0000000088500000| Untracked 
|  56|0x0000000088600000, 0x0000000088600000, 0x0000000088700000|  0%| F|  |TAMS 0x0000000088600000| PB 0x0000000088600000| Untracked 
|  57|0x0000000088700000, 0x0000000088700000, 0x0000000088800000|  0%| F|  |TAMS 0x0000000088700000| PB 0x0000000088700000| Untracked 
|  58|0x0000000088800000, 0x0000000088800000, 0x0000000088900000|  0%| F|  |TAMS 0x0000000088800000| PB 0x0000000088800000| Untracked 
|  59|0x0000000088900000, 0x0000000088900000, 0x0000000088a00000|  0%| F|  |TAMS 0x0000000088900000| PB 0x0000000088900000| Untracked 
|  60|0x0000000088a00000, 0x0000000088a00000, 0x0000000088b00000|  0%| F|  |TAMS 0x0000000088a00000| PB 0x0000000088a00000| Untracked 
|  61|0x0000000088b00000, 0x0000000088b00000, 0x0000000088c00000|  0%| F|  |TAMS 0x0000000088b00000| PB 0x0000000088b00000| Untracked 
|  62|0x0000000088c00000, 0x0000000088c00000, 0x0000000088d00000|  0%| F|  |TAMS 0x0000000088c00000| PB 0x0000000088c00000| Untracked 
|  63|0x0000000088d00000, 0x0000000088d00000, 0x0000000088e00000|  0%| F|  |TAMS 0x0000000088d00000| PB 0x0000000088d00000| Untracked 
|  64|0x0000000088e00000, 0x0000000088e00000, 0x0000000088f00000|  0%| F|  |TAMS 0x0000000088e00000| PB 0x0000000088e00000| Untracked 
|  65|0x0000000088f00000, 0x0000000088f00000, 0x0000000089000000|  0%| F|  |TAMS 0x0000000088f00000| PB 0x0000000088f00000| Untracked 
|  66|0x0000000089000000, 0x0000000089000000, 0x0000000089100000|  0%| F|  |TAMS 0x0000000089000000| PB 0x0000000089000000| Untracked 
|  67|0x0000000089100000, 0x0000000089100000, 0x0000000089200000|  0%| F|  |TAMS 0x0000000089100000| PB 0x0000000089100000| Untracked 
|  68|0x0000000089200000, 0x0000000089200000, 0x0000000089300000|  0%| F|  |TAMS 0x0000000089200000| PB 0x0000000089200000| Untracked 
|  69|0x0000000089300000, 0x0000000089300000, 0x0000000089400000|  0%| F|  |TAMS 0x0000000089300000| PB 0x0000000089300000| Untracked 
|  70|0x0000000089400000, 0x0000000089400000, 0x0000000089500000|  0%| F|  |TAMS 0x0000000089400000| PB 0x0000000089400000| Untracked 
|  71|0x0000000089500000, 0x0000000089500000, 0x0000000089600000|  0%| F|  |TAMS 0x0000000089500000| PB 0x0000000089500000| Untracked 
|  72|0x0000000089600000, 0x0000000089600000, 0x0000000089700000|  0%| F|  |TAMS 0x0000000089600000| PB 0x0000000089600000| Untracked 
|  73|0x0000000089700000, 0x0000000089700000, 0x0000000089800000|  0%| F|  |TAMS 0x0000000089700000| PB 0x0000000089700000| Untracked 
|  74|0x0000000089800000, 0x0000000089800000, 0x0000000089900000|  0%| F|  |TAMS 0x0000000089800000| PB 0x0000000089800000| Untracked 
|  75|0x0000000089900000, 0x0000000089900000, 0x0000000089a00000|  0%| F|  |TAMS 0x0000000089900000| PB 0x0000000089900000| Untracked 
|  76|0x0000000089a00000, 0x0000000089a00000, 0x0000000089b00000|  0%| F|  |TAMS 0x0000000089a00000| PB 0x0000000089a00000| Untracked 
|  77|0x0000000089b00000, 0x0000000089b00000, 0x0000000089c00000|  0%| F|  |TAMS 0x0000000089b00000| PB 0x0000000089b00000| Untracked 
|  78|0x0000000089c00000, 0x0000000089c00000, 0x0000000089d00000|  0%| F|  |TAMS 0x0000000089c00000| PB 0x0000000089c00000| Untracked 
|  79|0x0000000089d00000, 0x0000000089d00000, 0x0000000089e00000|  0%| F|  |TAMS 0x0000000089d00000| PB 0x0000000089d00000| Untracked 
|  80|0x0000000089e00000, 0x0000000089e00000, 0x0000000089f00000|  0%| F|  |TAMS 0x0000000089e00000| PB 0x0000000089e00000| Untracked 
|  81|0x0000000089f00000, 0x0000000089f00000, 0x000000008a000000|  0%| F|  |TAMS 0x0000000089f00000| PB 0x0000000089f00000| Untracked 
|  82|0x000000008a000000, 0x000000008a000000, 0x000000008a100000|  0%| F|  |TAMS 0x000000008a000000| PB 0x000000008a000000| Untracked 
|  83|0x000000008a100000, 0x000000008a100000, 0x000000008a200000|  0%| F|  |TAMS 0x000000008a100000| PB 0x000000008a100000| Untracked 
|  84|0x000000008a200000, 0x000000008a200000, 0x000000008a300000|  0%| F|  |TAMS 0x000000008a200000| PB 0x000000008a200000| Untracked 
|  85|0x000000008a300000, 0x000000008a300000, 0x000000008a400000|  0%| F|  |TAMS 0x000000008a300000| PB 0x000000008a300000| Untracked 
|  86|0x000000008a400000, 0x000000008a400000, 0x000000008a500000|  0%| F|  |TAMS 0x000000008a400000| PB 0x000000008a400000| Untracked 
|  87|0x000000008a500000, 0x000000008a500000, 0x000000008a600000|  0%| F|  |TAMS 0x000000008a500000| PB 0x000000008a500000| Untracked 
|  88|0x000000008a600000, 0x000000008a600000, 0x000000008a700000|  0%| F|  |TAMS 0x000000008a600000| PB 0x000000008a600000| Untracked 
|  89|0x000000008a700000, 0x000000008a700000, 0x000000008a800000|  0%| F|  |TAMS 0x000000008a700000| PB 0x000000008a700000| Untracked 
|  90|0x000000008a800000, 0x000000008a800000, 0x000000008a900000|  0%| F|  |TAMS 0x000000008a800000| PB 0x000000008a800000| Untracked 
|  91|0x000000008a900000, 0x000000008a900000, 0x000000008aa00000|  0%| F|  |TAMS 0x000000008a900000| PB 0x000000008a900000| Untracked 
|  92|0x000000008aa00000, 0x000000008aa00000, 0x000000008ab00000|  0%| F|  |TAMS 0x000000008aa00000| PB 0x000000008aa00000| Untracked 
|  93|0x000000008ab00000, 0x000000008ab00000, 0x000000008ac00000|  0%| F|  |TAMS 0x000000008ab00000| PB 0x000000008ab00000| Untracked 
|  94|0x000000008ac00000, 0x000000008ac00000, 0x000000008ad00000|  0%| F|  |TAMS 0x000000008ac00000| PB 0x000000008ac00000| Untracked 
|  95|0x000000008ad00000, 0x000000008ad00000, 0x000000008ae00000|  0%| F|  |TAMS 0x000000008ad00000| PB 0x000000008ad00000| Untracked 
|  96|0x000000008ae00000, 0x000000008ae00000, 0x000000008af00000|  0%| F|  |TAMS 0x000000008ae00000| PB 0x000000008ae00000| Untracked 
|  97|0x000000008af00000, 0x000000008af00000, 0x000000008b000000|  0%| F|  |TAMS 0x000000008af00000| PB 0x000000008af00000| Untracked 
|  98|0x000000008b000000, 0x000000008b000000, 0x000000008b100000|  0%| F|  |TAMS 0x000000008b000000| PB 0x000000008b000000| Untracked 
|  99|0x000000008b100000, 0x000000008b100000, 0x000000008b200000|  0%| F|  |TAMS 0x000000008b100000| PB 0x000000008b100000| Untracked 
| 100|0x000000008b200000, 0x000000008b200000, 0x000000008b300000|  0%| F|  |TAMS 0x000000008b200000| PB 0x000000008b200000| Untracked 
| 101|0x000000008b300000, 0x000000008b300000, 0x000000008b400000|  0%| F|  |TAMS 0x000000008b300000| PB 0x000000008b300000| Untracked 
| 102|0x000000008b400000, 0x000000008b400000, 0x000000008b500000|  0%| F|  |TAMS 0x000000008b400000| PB 0x000000008b400000| Untracked 
| 103|0x000000008b500000, 0x000000008b500000, 0x000000008b600000|  0%| F|  |TAMS 0x000000008b500000| PB 0x000000008b500000| Untracked 
| 104|0x000000008b600000, 0x000000008b600000, 0x000000008b700000|  0%| F|  |TAMS 0x000000008b600000| PB 0x000000008b600000| Untracked 
| 105|0x000000008b700000, 0x000000008b700000, 0x000000008b800000|  0%| F|  |TAMS 0x000000008b700000| PB 0x000000008b700000| Untracked 
| 106|0x000000008b800000, 0x000000008b800000, 0x000000008b900000|  0%| F|  |TAMS 0x000000008b800000| PB 0x000000008b800000| Untracked 
| 107|0x000000008b900000, 0x000000008b900000, 0x000000008ba00000|  0%| F|  |TAMS 0x000000008b900000| PB 0x000000008b900000| Untracked 
| 108|0x000000008ba00000, 0x000000008ba00000, 0x000000008bb00000|  0%| F|  |TAMS 0x000000008ba00000| PB 0x000000008ba00000| Untracked 
| 109|0x000000008bb00000, 0x000000008bc00000, 0x000000008bc00000|100%| S|CS|TAMS 0x000000008bb00000| PB 0x000000008bb00000| Complete 
| 110|0x000000008bc00000, 0x000000008bd00000, 0x000000008bd00000|100%| S|CS|TAMS 0x000000008bc00000| PB 0x000000008bc00000| Complete 
| 111|0x000000008bd00000, 0x000000008bd00000, 0x000000008be00000|  0%| F|  |TAMS 0x000000008bd00000| PB 0x000000008bd00000| Untracked 
| 112|0x000000008be00000, 0x000000008be00000, 0x000000008bf00000|  0%| F|  |TAMS 0x000000008be00000| PB 0x000000008be00000| Untracked 
| 113|0x000000008bf00000, 0x000000008bf00000, 0x000000008c000000|  0%| F|  |TAMS 0x000000008bf00000| PB 0x000000008bf00000| Untracked 
| 114|0x000000008c000000, 0x000000008c000000, 0x000000008c100000|  0%| F|  |TAMS 0x000000008c000000| PB 0x000000008c000000| Untracked 
| 115|0x000000008c100000, 0x000000008c100000, 0x000000008c200000|  0%| F|  |TAMS 0x000000008c100000| PB 0x000000008c100000| Untracked 
| 116|0x000000008c200000, 0x000000008c200000, 0x000000008c300000|  0%| F|  |TAMS 0x000000008c200000| PB 0x000000008c200000| Untracked 
| 117|0x000000008c300000, 0x000000008c300000, 0x000000008c400000|  0%| F|  |TAMS 0x000000008c300000| PB 0x000000008c300000| Untracked 
| 118|0x000000008c400000, 0x000000008c400000, 0x000000008c500000|  0%| F|  |TAMS 0x000000008c400000| PB 0x000000008c400000| Untracked 
| 119|0x000000008c500000, 0x000000008c500000, 0x000000008c600000|  0%| F|  |TAMS 0x000000008c500000| PB 0x000000008c500000| Untracked 
| 120|0x000000008c600000, 0x000000008c600000, 0x000000008c700000|  0%| F|  |TAMS 0x000000008c600000| PB 0x000000008c600000| Untracked 
| 121|0x000000008c700000, 0x000000008c700000, 0x000000008c800000|  0%| F|  |TAMS 0x000000008c700000| PB 0x000000008c700000| Untracked 
| 122|0x000000008c800000, 0x000000008c800000, 0x000000008c900000|  0%| F|  |TAMS 0x000000008c800000| PB 0x000000008c800000| Untracked 
| 123|0x000000008c900000, 0x000000008c964610, 0x000000008ca00000| 39%| E|  |TAMS 0x000000008c900000| PB 0x000000008c900000| Complete 

Card table byte_map: [0x0000026dd3410000,0x0000026dd37f0000] _byte_map_base: 0x0000026dd2fe9000

Marking Bits: (CMBitMap*) 0x0000026db9e0e380
 Bits: [0x0000026dd37f0000, 0x0000026dd56b8000)

Polling page: 0x0000026db9e90000

Metaspace:

Usage:
  Non-class:      4.97 MB used.
      Class:    420.89 KB used.
       Both:      5.38 MB used.

Virtual space:
  Non-class space:       64.00 MB reserved,       5.06 MB (  8%) committed,  1 nodes.
      Class space:        1.00 GB reserved,     512.00 KB ( <1%) committed,  1 nodes.
             Both:        1.06 GB reserved,       5.56 MB ( <1%) committed. 

Chunk freelists:
   Non-Class:  9.41 MB
       Class:  15.52 MB
        Both:  24.92 MB

MaxMetaspaceSize: unlimited
CompressedClassSpaceSize: 1.00 GB
Initial GC threshold: 21.00 MB
Current GC threshold: 21.00 MB
CDS: on
 - commit_granule_bytes: 65536.
 - commit_granule_words: 8192.
 - virtual_space_node_default_size: 8388608.
 - enlarge_chunks_in_place: 1.
 - use_allocation_guard: 0.


Internal statistics:

num_allocs_failed_limit: 0.
num_arena_births: 54.
num_arena_deaths: 0.
num_vsnodes_births: 2.
num_vsnodes_deaths: 0.
num_space_committed: 87.
num_space_uncommitted: 0.
num_chunks_returned_to_freelist: 0.
num_chunks_taken_from_freelist: 164.
num_chunk_merges: 0.
num_chunk_splits: 118.
num_chunks_enlarged: 95.
num_inconsistent_stats: 0.

CodeHeap 'non-profiled nmethods': size=120000Kb used=410Kb max_used=410Kb free=119589Kb
 bounds [0x0000026dcb4d0000, 0x0000026dcb740000, 0x0000026dd2a00000]
CodeHeap 'profiled nmethods': size=120000Kb used=2012Kb max_used=2012Kb free=117987Kb
 bounds [0x0000026dc3a00000, 0x0000026dc3c70000, 0x0000026dcaf30000]
CodeHeap 'non-nmethods': size=5760Kb used=1679Kb max_used=1701Kb free=4080Kb
 bounds [0x0000026dcaf30000, 0x0000026dcb1a0000, 0x0000026dcb4d0000]
 total_blobs=1759 nmethods=1171 adapters=493
 compilation: enabled
              stopped_count=0, restarted_count=0
 full_count=0

Compilation events (20 events):
Event: 29.122 Thread 0x0000026dd7cf7ce0 nmethod 1161 0x0000026dc3bf3f10 code [0x0000026dc3bf4140, 0x0000026dc3bf4738]
Event: 29.122 Thread 0x0000026dd7cf7ce0 1162  s    3       jdk.internal.ref.Cleaner::remove (89 bytes)
Event: 29.122 Thread 0x0000026dd7cf24b0 nmethod 1163 0x0000026dcb536190 code [0x0000026dcb536320, 0x0000026dcb5363c0]
Event: 29.122 Thread 0x0000026dd7cf24b0 1170       4       jdk.internal.misc.Unsafe::checkPointer (19 bytes)
Event: 29.122 Thread 0x0000026dd7cf7ce0 nmethod 1162 0x0000026dc3bf4990 code [0x0000026dc3bf4b60, 0x0000026dc3bf5110]
Event: 29.122 Thread 0x0000026dd7cf7ce0 1165       3       jdk.internal.misc.Unsafe::freeMemory (18 bytes)
Event: 29.123 Thread 0x0000026dd7cf7ce0 nmethod 1165 0x0000026dc3bf5290 code [0x0000026dc3bf5460, 0x0000026dc3bf5748]
Event: 29.123 Thread 0x0000026dd7cf7ce0 1166       3       jdk.internal.misc.Unsafe::freeMemoryChecks (7 bytes)
Event: 29.123 Thread 0x0000026dd7cf24b0 nmethod 1170 0x0000026dcb536490 code [0x0000026dcb536620, 0x0000026dcb5366e0]
Event: 29.123 Thread 0x0000026dd7cf7ce0 nmethod 1166 0x0000026dc3bf5890 code [0x0000026dc3bf5a40, 0x0000026dc3bf5c40]
Event: 29.123 Thread 0x0000026dd7cf7ce0 1164       3       java.nio.DirectByteBuffer$Deallocator::run (23 bytes)
Event: 29.123 Thread 0x0000026dd7cf7ce0 nmethod 1164 0x0000026dc3bf5d10 code [0x0000026dc3bf5f00, 0x0000026dc3bf6278]
Event: 29.123 Thread 0x0000026dd7cf7ce0 1168       3       java.util.concurrent.atomic.AtomicLong::decrementAndGet (16 bytes)
Event: 29.123 Thread 0x0000026dd7cf7ce0 nmethod 1168 0x0000026dc3bf6410 code [0x0000026dc3bf65a0, 0x0000026dc3bf66d0]
Event: 29.123 Thread 0x0000026dd7cf7ce0 1167       3       java.nio.Bits::unreserveMemory (64 bytes)
Event: 29.124 Thread 0x0000026dd7cf7ce0 nmethod 1167 0x0000026dc3bf6790 code [0x0000026dc3bf6960, 0x0000026dc3bf6b30]
Event: 29.124 Thread 0x0000026dd7cf7ce0 1171       3       java.lang.ref.Reference::<init> (7 bytes)
Event: 29.124 Thread 0x0000026dd7cf7ce0 nmethod 1171 0x0000026dc3bf6c90 code [0x0000026dc3bf6e40, 0x0000026dc3bf70f0]
Event: 29.124 Thread 0x0000026dd7cf7ce0 1169       1       java.lang.Module::getDescriptor (5 bytes)
Event: 29.124 Thread 0x0000026dd7cf7ce0 nmethod 1169 0x0000026dcb536790 code [0x0000026dcb536920, 0x0000026dcb5369e8]

GC Heap History (2 events):
Event: 29.113 GC heap before
{Heap before GC invocations=0 (full 0):
 garbage-first heap   total 126976K, used 12288K [0x0000000084e00000, 0x0000000100000000)
  region size 1024K, 13 young (13312K), 0 survivors (0K)
 Metaspace       used 5418K, committed 5632K, reserved 1114112K
  class space    used 409K, committed 512K, reserved 1048576K
}
Event: 29.121 GC heap after
{Heap after GC invocations=1 (full 0):
 garbage-first heap   total 126976K, used 2724K [0x0000000084e00000, 0x0000000100000000)
  region size 1024K, 2 young (2048K), 2 survivors (2048K)
 Metaspace       used 5418K, committed 5632K, reserved 1114112K
  class space    used 409K, committed 512K, reserved 1048576K
}

Dll operation events (13 events):
Event: 0.017 Loaded shared library C:\Program Files\Java\jdk-21\bin\java.dll
Event: 0.072 Loaded shared library C:\Program Files\Java\jdk-21\bin\jsvml.dll
Event: 0.157 Loaded shared library C:\Program Files\Java\jdk-21\bin\zip.dll
Event: 0.162 Loaded shared library C:\Program Files\Java\jdk-21\bin\instrument.dll
Event: 0.171 Loaded shared library C:\Program Files\Java\jdk-21\bin\net.dll
Event: 0.174 Loaded shared library C:\Program Files\Java\jdk-21\bin\nio.dll
Event: 0.195 Loaded shared library C:\Program Files\Java\jdk-21\bin\zip.dll
Event: 0.243 Loaded shared library C:\Program Files\JetBrains\IntelliJ IDEA 2024.1\bin\breakgen64.dll
Event: 0.261 Loaded shared library C:\Program Files\Java\jdk-21\bin\extnet.dll
Event: 0.303 Loaded shared library C:\Program Files\Java\jdk-21\bin\jimage.dll
Event: 0.321 Loaded shared library C:\Users\malen\AppData\Local\Temp\libgdxJuanPa\1cccfb10\gdx64.dll
Event: 0.492 Loaded shared library C:\Program Files\Java\jdk-21\bin\verify.dll
Event: 0.508 Loaded shared library C:\Users\malen\AppData\Local\Temp\libgdxJuanPa\dc0f0009\lwjgl64.dll

Deoptimization events (20 events):
Event: 0.532 Thread 0x0000026db9b81160 DEOPT PACKING pc=0x0000026dc3a09c58 sp=0x0000008a507fcf40
Event: 0.532 Thread 0x0000026db9b81160 DEOPT UNPACKING pc=0x0000026dcaf888e2 sp=0x0000008a507fc3a8 mode 0
Event: 2.394 Thread 0x0000026e1d08b200 DEOPT PACKING pc=0x0000026dc3a4dbf7 sp=0x0000008a51cfe140
Event: 2.395 Thread 0x0000026e1d08b200 DEOPT UNPACKING pc=0x0000026dcaf888e2 sp=0x0000008a51cfd590 mode 0
Event: 2.444 Thread 0x0000026e1d08b200 Uncommon trap: trap_request=0xffffffde fr.pc=0x0000026dcb4fa110 relative=0x00000000000004f0
Event: 2.444 Thread 0x0000026e1d08b200 Uncommon trap: reason=class_check action=maybe_recompile pc=0x0000026dcb4fa110 method=java.util.regex.Pattern$Start.match(Ljava/util/regex/Matcher;ILjava/lang/CharSequence;)Z @ 44 c2
Event: 2.444 Thread 0x0000026e1d08b200 DEOPT PACKING pc=0x0000026dcb4fa110 sp=0x0000008a51cfef30
Event: 2.445 Thread 0x0000026e1d08b200 DEOPT UNPACKING pc=0x0000026dcaf87da2 sp=0x0000008a51cfee90 mode 2
Event: 2.478 Thread 0x0000026e1d08b200 Uncommon trap: trap_request=0xffffffde fr.pc=0x0000026dcb4fa110 relative=0x00000000000004f0
Event: 2.478 Thread 0x0000026e1d08b200 Uncommon trap: reason=class_check action=maybe_recompile pc=0x0000026dcb4fa110 method=java.util.regex.Pattern$Start.match(Ljava/util/regex/Matcher;ILjava/lang/CharSequence;)Z @ 44 c2
Event: 2.478 Thread 0x0000026e1d08b200 DEOPT PACKING pc=0x0000026dcb4fa110 sp=0x0000008a51cfed10
Event: 2.478 Thread 0x0000026e1d08b200 DEOPT UNPACKING pc=0x0000026dcaf87da2 sp=0x0000008a51cfec70 mode 2
Event: 2.615 Thread 0x0000026e1d08b200 Uncommon trap: trap_request=0xffffffde fr.pc=0x0000026dcb4fa110 relative=0x00000000000004f0
Event: 2.615 Thread 0x0000026e1d08b200 Uncommon trap: reason=class_check action=maybe_recompile pc=0x0000026dcb4fa110 method=java.util.regex.Pattern$Start.match(Ljava/util/regex/Matcher;ILjava/lang/CharSequence;)Z @ 44 c2
Event: 2.615 Thread 0x0000026e1d08b200 DEOPT PACKING pc=0x0000026dcb4fa110 sp=0x0000008a51cfed90
Event: 2.615 Thread 0x0000026e1d08b200 DEOPT UNPACKING pc=0x0000026dcaf87da2 sp=0x0000008a51cfecf0 mode 2
Event: 5.842 Thread 0x0000026e1d08b200 DEOPT PACKING pc=0x0000026dc3b9eac4 sp=0x0000008a51cff160
Event: 5.842 Thread 0x0000026e1d08b200 DEOPT UNPACKING pc=0x0000026dcaf888e2 sp=0x0000008a51cfe6e8 mode 0
Event: 7.543 Thread 0x0000026e1d08b200 DEOPT PACKING pc=0x0000026dc3ba0e0d sp=0x0000008a51cff170
Event: 7.543 Thread 0x0000026e1d08b200 DEOPT UNPACKING pc=0x0000026dcaf888e2 sp=0x0000008a51cfe658 mode 0

Classes loaded (20 events):
Event: 29.123 Loading class jdk/internal/logger/AbstractLoggerWrapper
Event: 29.123 Loading class jdk/internal/logger/AbstractLoggerWrapper done
Event: 29.123 Loading class jdk/internal/logger/LazyLoggers$LazyLoggerWrapper done
Event: 29.123 Loading class jdk/internal/logger/LazyLoggers$JdkLazyLogger done
Event: 29.124 Loading class jdk/internal/logger/LazyLoggers$LazyLoggerAccessor
Event: 29.124 Loading class jdk/internal/logger/LazyLoggers$LoggerAccessor
Event: 29.124 Loading class jdk/internal/logger/LazyLoggers$LoggerAccessor done
Event: 29.124 Loading class jdk/internal/logger/LazyLoggers$LazyLoggerAccessor done
Event: 29.124 Loading class java/lang/System$Logger$Level
Event: 29.124 Loading class java/lang/System$Logger$Level done
Event: 29.124 Loading class jdk/internal/logger/SurrogateLogger
Event: 29.124 Loading class jdk/internal/logger/SimpleConsoleLogger
Event: 29.124 Loading class sun/util/logging/PlatformLogger$ConfigurableBridge$LoggerConfiguration
Event: 29.124 Loading class sun/util/logging/PlatformLogger$ConfigurableBridge$LoggerConfiguration done
Event: 29.125 Loading class jdk/internal/logger/SimpleConsoleLogger done
Event: 29.125 Loading class jdk/internal/logger/SurrogateLogger done
Event: 29.125 Loading class sun/util/logging/PlatformLogger
Event: 29.125 Loading class sun/util/logging/PlatformLogger done
Event: 29.125 Loading class sun/util/logging/PlatformLogger$Level
Event: 29.125 Loading class sun/util/logging/PlatformLogger$Level done

Classes unloaded (0 events):
No events

Classes redefined (0 events):
No events

Internal exceptions (11 events):
Event: 0.223 Thread 0x0000026db9b81160 Exception <a 'java/lang/NoSuchMethodError'{0x000000008c7ae870}: 'void java.lang.invoke.DirectMethodHandle$Holder.invokeStatic(java.lang.Object, java.lang.Object, java.lang.Object)'> (0x000000008c7ae870) 
thrown [s\open\src\hotspot\share\interpreter\linkResolver.cpp, line 773]
Event: 0.234 Thread 0x0000026db9b81160 Exception <a 'java/lang/NoSuchMethodError'{0x000000008c7c5d78}: 'java.lang.Object java.lang.invoke.Invokers$Holder.invokeExact_MT(java.lang.Object, java.lang.Object, java.lang.Object, java.lang.Object, java.lang.Object)'> (0x000000008c7c5d78) 
thrown [s\open\src\hotspot\share\interpreter\linkResolver.cpp, line 773]
Event: 0.264 Thread 0x0000026e1d08a4e0 Exception <a 'java/lang/NoSuchMethodError'{0x000000008c608dd8}: 'void java.lang.invoke.DirectMethodHandle$Holder.invokeStatic(java.lang.Object, java.lang.Object)'> (0x000000008c608dd8) 
thrown [s\open\src\hotspot\share\interpreter\linkResolver.cpp, line 773]
Event: 0.327 Thread 0x0000026db9b81160 Exception <a 'java/lang/NoSuchMethodError'{0x000000008c6c0fc0}: 'int java.lang.invoke.DirectMethodHandle$Holder.invokeVirtual(java.lang.Object, java.lang.Object)'> (0x000000008c6c0fc0) 
thrown [s\open\src\hotspot\share\interpreter\linkResolver.cpp, line 773]
Event: 0.328 Thread 0x0000026db9b81160 Exception <a 'java/lang/NoSuchMethodError'{0x000000008c6c56a8}: 'int java.lang.invoke.DirectMethodHandle$Holder.invokeSpecial(java.lang.Object, java.lang.Object, java.lang.Object)'> (0x000000008c6c56a8) 
thrown [s\open\src\hotspot\share\interpreter\linkResolver.cpp, line 773]
Event: 0.415 Thread 0x0000026db9b81160 Exception <a 'java/lang/NoSuchMethodError'{0x000000008c5216a8}: 'java.lang.Object java.lang.invoke.DirectMethodHandle$Holder.invokeStaticInit(java.lang.Object, int, int, int, int)'> (0x000000008c5216a8) 
thrown [s\open\src\hotspot\share\interpreter\linkResolver.cpp, line 773]
Event: 0.448 Thread 0x0000026db9b81160 Exception <a 'java/lang/NoSuchMethodError'{0x000000008c572160}: 'java.lang.Object java.lang.invoke.DirectMethodHandle$Holder.invokeStaticInit(java.lang.Object, java.lang.Object, int, int, int, int)'> (0x000000008c572160) 
thrown [s\open\src\hotspot\share\interpreter\linkResolver.cpp, line 773]
Event: 0.517 Thread 0x0000026db9b81160 Exception <a 'java/lang/NoSuchMethodError'{0x000000008c5ea298}: 'java.lang.Object java.lang.invoke.DirectMethodHandle$Holder.invokeInterface(java.lang.Object, java.lang.Object)'> (0x000000008c5ea298) 
thrown [s\open\src\hotspot\share\interpreter\linkResolver.cpp, line 773]
Event: 0.517 Thread 0x0000026db9b81160 Exception <a 'java/lang/IncompatibleClassChangeError'{0x000000008c5ed7b0}: Found class java.lang.Object, but interface was expected> (0x000000008c5ed7b0) 
thrown [s\open\src\hotspot\share\interpreter\linkResolver.cpp, line 840]
Event: 0.992 Thread 0x0000026dd7cdf600 Exception <a 'java/lang/NoSuchMethodError'{0x000000008c4d2860}: 'java.lang.Object java.lang.invoke.Invokers$Holder.invokeExact_MT(java.lang.Object, java.lang.Object, java.lang.Object, java.lang.Object, java.lang.Object, java.lang.Object)'> (0x000000008c4d2860) 
thrown [s\open\src\hotspot\share\interpreter\linkResolver.cpp, line 773]
Event: 1.637 Thread 0x0000026db9b81160 Exception <a 'java/lang/NoSuchMethodError'{0x000000008c368570}: 'int java.lang.invoke.Invokers$Holder.invokeExact_MT(java.lang.Object, java.lang.Object)'> (0x000000008c368570) 
thrown [s\open\src\hotspot\share\interpreter\linkResolver.cpp, line 773]

ZGC Phase Switch (0 events):
No events

VM Operations (20 events):
Event: 9.516 Executing VM operation: Cleanup done
Event: 10.517 Executing VM operation: Cleanup
Event: 10.517 Executing VM operation: Cleanup done
Event: 12.518 Executing VM operation: Cleanup
Event: 12.518 Executing VM operation: Cleanup done
Event: 13.518 Executing VM operation: Cleanup
Event: 13.518 Executing VM operation: Cleanup done
Event: 15.520 Executing VM operation: Cleanup
Event: 15.520 Executing VM operation: Cleanup done
Event: 16.520 Executing VM operation: Cleanup
Event: 16.520 Executing VM operation: Cleanup done
Event: 18.521 Executing VM operation: Cleanup
Event: 18.521 Executing VM operation: Cleanup done
Event: 24.524 Executing VM operation: Cleanup
Event: 24.524 Executing VM operation: Cleanup done
Event: 25.525 Executing VM operation: Cleanup
Event: 25.525 Executing VM operation: Cleanup done
Event: 29.113 Executing VM operation: G1CollectForAllocation (G1 Evacuation Pause)
Event: 29.121 Executing VM operation: G1CollectForAllocation (G1 Evacuation Pause) done
Event: 29.132 Executing VM operation: Exit

Events (19 events):
Event: 0.044 Thread 0x0000026db9b81160 Thread added: 0x0000026db9b81160
Event: 0.067 Thread 0x0000026dd7cda7b0 Thread added: 0x0000026dd7cda7b0
Event: 0.067 Thread 0x0000026dd7cdb680 Thread added: 0x0000026dd7cdb680
Event: 0.068 Thread 0x0000026dd7cde900 Thread added: 0x0000026dd7cde900
Event: 0.068 Thread 0x0000026dd7cdf600 Thread added: 0x0000026dd7cdf600
Event: 0.068 Thread 0x0000026dd7ce4f50 Thread added: 0x0000026dd7ce4f50
Event: 0.068 Thread 0x0000026dd7ce5920 Thread added: 0x0000026dd7ce5920
Event: 0.068 Thread 0x0000026dd7cf24b0 Thread added: 0x0000026dd7cf24b0
Event: 0.069 Thread 0x0000026dd7cf7ce0 Thread added: 0x0000026dd7cf7ce0
Event: 0.114 Thread 0x0000026e1d088aa0 Thread added: 0x0000026e1d088aa0
Event: 0.244 Thread 0x0000026e1d08a4e0 Thread added: 0x0000026e1d08a4e0
Event: 0.245 Thread 0x0000026e1d089130 Thread added: 0x0000026e1d089130
Event: 1.660 Thread 0x0000026e1d08b200 Thread added: 0x0000026e1d08b200
Event: 1.660 Thread 0x0000026db9b81160 Thread exited: 0x0000026db9b81160
Event: 1.661 Thread 0x0000026e1d08ab70 Thread added: 0x0000026e1d08ab70
Event: 2.506 Thread 0x0000026e1d0897c0 Thread added: 0x0000026e1d0897c0
Event: 2.710 Thread 0x0000026e1d08bf20 Thread added: 0x0000026e1d08bf20
Event: 29.112 Thread 0x0000026e1d089e50 Thread added: 0x0000026e1d089e50
Event: 29.126 Thread 0x0000026e1d08b890 Thread added: 0x0000026e1d08b890


Dynamic libraries:
0x00007ff650fc0000 - 0x00007ff650fd0000 	C:\Program Files\Java\jdk-21\bin\java.exe
0x00007ffe3de90000 - 0x00007ffe3e088000 	C:\WINDOWS\SYSTEM32\ntdll.dll
0x00007ffe3d830000 - 0x00007ffe3d8ed000 	C:\WINDOWS\System32\KERNEL32.DLL
0x00007ffe3b570000 - 0x00007ffe3b866000 	C:\WINDOWS\System32\KERNELBASE.dll
0x00007ffe3ba80000 - 0x00007ffe3bb80000 	C:\WINDOWS\System32\ucrtbase.dll
0x00007ffe337a0000 - 0x00007ffe337b9000 	C:\Program Files\Java\jdk-21\bin\jli.dll
0x00007ffe336c0000 - 0x00007ffe336db000 	C:\Program Files\Java\jdk-21\bin\VCRUNTIME140.dll
0x00007ffe3c4c0000 - 0x00007ffe3c570000 	C:\WINDOWS\System32\ADVAPI32.dll
0x00007ffe3c570000 - 0x00007ffe3c60e000 	C:\WINDOWS\System32\msvcrt.dll
0x00007ffe3d060000 - 0x00007ffe3d100000 	C:\WINDOWS\System32\sechost.dll
0x00007ffe3d9c0000 - 0x00007ffe3dae3000 	C:\WINDOWS\System32\RPCRT4.dll
0x00007ffe3bcd0000 - 0x00007ffe3bcf7000 	C:\WINDOWS\System32\bcrypt.dll
0x00007ffe3cec0000 - 0x00007ffe3d05f000 	C:\WINDOWS\System32\USER32.dll
0x00007ffe3b540000 - 0x00007ffe3b562000 	C:\WINDOWS\System32\win32u.dll
0x00007ffe3d7c0000 - 0x00007ffe3d7eb000 	C:\WINDOWS\System32\GDI32.dll
0x00007ffe23610000 - 0x00007ffe238aa000 	C:\WINDOWS\WinSxS\amd64_microsoft.windows.common-controls_6595b64144ccf1df_6.0.19041.4355_none_60b8b9eb71f62e16\COMCTL32.dll
0x00007ffe3bda0000 - 0x00007ffe3beb7000 	C:\WINDOWS\System32\gdi32full.dll
0x00007ffe3bd00000 - 0x00007ffe3bd9d000 	C:\WINDOWS\System32\msvcp_win.dll
0x00007ffe33350000 - 0x00007ffe3335a000 	C:\WINDOWS\SYSTEM32\VERSION.dll
0x00007ffe3d7f0000 - 0x00007ffe3d822000 	C:\WINDOWS\System32\IMM32.DLL
0x00007ffe35660000 - 0x00007ffe3566c000 	C:\Program Files\Java\jdk-21\bin\vcruntime140_1.dll
0x00007ffe22a40000 - 0x00007ffe22ace000 	C:\Program Files\Java\jdk-21\bin\msvcp140.dll
0x00007ffde4d30000 - 0x00007ffde5a47000 	C:\Program Files\Java\jdk-21\bin\server\jvm.dll
0x00007ffe3c290000 - 0x00007ffe3c2fb000 	C:\WINDOWS\System32\WS2_32.dll
0x00007ffe3b390000 - 0x00007ffe3b3db000 	C:\WINDOWS\SYSTEM32\POWRPROF.dll
0x00007ffe21cf0000 - 0x00007ffe21d17000 	C:\WINDOWS\SYSTEM32\WINMM.dll
0x00007ffe3b370000 - 0x00007ffe3b382000 	C:\WINDOWS\SYSTEM32\UMPDC.dll
0x00007ffe39d50000 - 0x00007ffe39d62000 	C:\WINDOWS\SYSTEM32\kernel.appcore.dll
0x00007ffe34fd0000 - 0x00007ffe34fda000 	C:\Program Files\Java\jdk-21\bin\jimage.dll
0x00007ffe39a70000 - 0x00007ffe39c54000 	C:\WINDOWS\SYSTEM32\DBGHELP.DLL
0x00007ffe31140000 - 0x00007ffe31174000 	C:\WINDOWS\SYSTEM32\dbgcore.DLL
0x00007ffe3bbd0000 - 0x00007ffe3bc52000 	C:\WINDOWS\System32\bcryptPrimitives.dll
0x00007ffe336b0000 - 0x00007ffe336bf000 	C:\Program Files\Java\jdk-21\bin\instrument.dll
0x00007ffe33690000 - 0x00007ffe336af000 	C:\Program Files\Java\jdk-21\bin\java.dll
0x00007ffe3c610000 - 0x00007ffe3cd7b000 	C:\WINDOWS\System32\SHELL32.dll
0x00007ffe39200000 - 0x00007ffe3999d000 	C:\WINDOWS\SYSTEM32\windows.storage.dll
0x00007ffe3daf0000 - 0x00007ffe3de43000 	C:\WINDOWS\System32\combase.dll
0x00007ffe3ae90000 - 0x00007ffe3aebe000 	C:\WINDOWS\SYSTEM32\Wldp.dll
0x00007ffe3d8f0000 - 0x00007ffe3d9bd000 	C:\WINDOWS\System32\OLEAUT32.dll
0x00007ffe3cd80000 - 0x00007ffe3ce2d000 	C:\WINDOWS\System32\SHCORE.dll
0x00007ffe3c080000 - 0x00007ffe3c0d5000 	C:\WINDOWS\System32\shlwapi.dll
0x00007ffe3b470000 - 0x00007ffe3b494000 	C:\WINDOWS\SYSTEM32\profapi.dll
0x00007ffe1e370000 - 0x00007ffe1e447000 	C:\Program Files\Java\jdk-21\bin\jsvml.dll
0x00007ffe332a0000 - 0x00007ffe332b8000 	C:\Program Files\Java\jdk-21\bin\zip.dll
0x00007ffe33680000 - 0x00007ffe33690000 	C:\Program Files\Java\jdk-21\bin\net.dll
0x00007ffe2b370000 - 0x00007ffe2b47a000 	C:\WINDOWS\SYSTEM32\WINHTTP.dll
0x00007ffe3abf0000 - 0x00007ffe3ac5a000 	C:\WINDOWS\system32\mswsock.dll
0x00007ffe29d90000 - 0x00007ffe29da6000 	C:\Program Files\Java\jdk-21\bin\nio.dll
0x00007ffe29680000 - 0x00007ffe2969a000 	C:\Program Files\JetBrains\IntelliJ IDEA 2024.1\bin\breakgen64.dll
0x00007ffe33450000 - 0x00007ffe33459000 	C:\Program Files\Java\jdk-21\bin\extnet.dll
0x0000000065580000 - 0x0000000065616000 	C:\Users\malen\AppData\Local\Temp\libgdxJuanPa\1cccfb10\gdx64.dll
0x00007ffe3adf0000 - 0x00007ffe3ae08000 	C:\WINDOWS\SYSTEM32\CRYPTSP.dll
0x00007ffe3a510000 - 0x00007ffe3a544000 	C:\WINDOWS\system32\rsaenh.dll
0x00007ffe3b420000 - 0x00007ffe3b44e000 	C:\WINDOWS\SYSTEM32\USERENV.dll
0x00007ffe3ade0000 - 0x00007ffe3adec000 	C:\WINDOWS\SYSTEM32\CRYPTBASE.dll
0x00007ffe3a8d0000 - 0x00007ffe3a90b000 	C:\WINDOWS\SYSTEM32\IPHLPAPI.DLL
0x00007ffe3bec0000 - 0x00007ffe3bec8000 	C:\WINDOWS\System32\NSI.dll
0x00007ffe33280000 - 0x00007ffe33290000 	C:\Program Files\Java\jdk-21\bin\verify.dll
0x0000000180000000 - 0x0000000180053000 	C:\Users\malen\AppData\Local\Temp\libgdxJuanPa\dc0f0009\lwjgl64.dll
0x00007ffe07dd0000 - 0x00007ffe07ef5000 	C:\WINDOWS\SYSTEM32\OPENGL32.dll
0x00007ffe20650000 - 0x00007ffe2067c000 	C:\WINDOWS\SYSTEM32\GLU32.dll
0x0000026dd7ec0000 - 0x0000026dd7f24000 	C:\Users\malen\AppData\Local\Temp\libgdxJuanPa\dc0f0009\OpenAL64.dll
0x00007ffe3d100000 - 0x00007ffe3d22b000 	C:\WINDOWS\System32\ole32.dll
0x00007ffe38b50000 - 0x00007ffe38bee000 	C:\WINDOWS\system32\uxtheme.dll
0x00007ffe3d240000 - 0x00007ffe3d2e9000 	C:\WINDOWS\System32\clbcatq.dll
0x00007ffe1e2d0000 - 0x00007ffe1e36c000 	C:\WINDOWS\SYSTEM32\dsound.dll
0x00007ffe24130000 - 0x00007ffe24156000 	C:\WINDOWS\SYSTEM32\winmmbase.dll
0x00007ffe347c0000 - 0x00007ffe34845000 	C:\WINDOWS\System32\MMDevApi.dll
0x00007ffe3b1f0000 - 0x00007ffe3b223000 	C:\WINDOWS\System32\DEVOBJ.dll
0x00007ffe3bb80000 - 0x00007ffe3bbce000 	C:\WINDOWS\System32\cfgmgr32.dll
0x00007ffe34930000 - 0x00007ffe34ab1000 	C:\WINDOWS\SYSTEM32\AUDIOSES.DLL
0x00007ffe38c30000 - 0x00007ffe38c44000 	C:\WINDOWS\SYSTEM32\resourcepolicyclient.dll
0x00007ffe35730000 - 0x00007ffe357de000 	C:\WINDOWS\SYSTEM32\mscms.dll
0x00007ffe35c60000 - 0x00007ffe35c71000 	C:\WINDOWS\SYSTEM32\ColorAdapterClient.dll
0x00007ffe324c0000 - 0x00007ffe32503000 	C:\Windows\System32\Windows.Internal.Graphics.Display.DisplayColorManagement.dll
0x00007ffe3c3a0000 - 0x00007ffe3c4b4000 	C:\WINDOWS\System32\MSCTF.dll
0x00007ffe298d0000 - 0x00007ffe299c9000 	C:\WINDOWS\SYSTEM32\textinputframework.dll
0x00007ffe38740000 - 0x00007ffe38832000 	C:\WINDOWS\System32\CoreMessaging.dll
0x00007ffe38060000 - 0x00007ffe383bb000 	C:\WINDOWS\System32\CoreUIComponents.dll
0x00007ffe37080000 - 0x00007ffe371d7000 	C:\WINDOWS\SYSTEM32\wintypes.dll
0x00007ffe3a630000 - 0x00007ffe3a663000 	C:\WINDOWS\SYSTEM32\ntmarta.dll
0x00007ffe32240000 - 0x00007ffe32343000 	C:\Windows\System32\AppXDeploymentClient.dll
0x00007ffde2bc0000 - 0x00007ffde3b07000 	C:\WINDOWS\System32\DriverStore\FileRepository\iigd_dch.inf_amd64_ada2367baaae74c0\ig11icd64.dll
0x00007ffe38d30000 - 0x00007ffe38d5f000 	C:\WINDOWS\system32\dwmapi.dll
0x00007ffe39dc0000 - 0x00007ffe39eb2000 	C:\WINDOWS\system32\dxgi.dll
0x00007ffe32200000 - 0x00007ffe3223b000 	C:\WINDOWS\SYSTEM32\dxcore.dll
0x00007ffe1d930000 - 0x00007ffe1d973000 	C:\WINDOWS\SYSTEM32\icm32.dll
0x00007ffe31bb0000 - 0x00007ffe31d54000 	C:\WINDOWS\System32\DriverStore\FileRepository\iigd_dch.inf_amd64_ada2367baaae74c0\igdgmm64.dll
0x00007ffe2d440000 - 0x00007ffe2f889000 	C:\WINDOWS\System32\DriverStore\FileRepository\iigd_dch.inf_amd64_ada2367baaae74c0\igc64.dll

dbghelp: loaded successfully - version: 4.0.5 - missing functions: none
symbol engine: initialized successfully - sym options: 0x614 - pdb path: .;C:\Program Files\Java\jdk-21\bin;C:\WINDOWS\SYSTEM32;C:\WINDOWS\WinSxS\amd64_microsoft.windows.common-controls_6595b64144ccf1df_6.0.19041.4355_none_60b8b9eb71f62e16;C:\Program Files\Java\jdk-21\bin\server;C:\Program Files\JetBrains\IntelliJ IDEA 2024.1\bin;C:\Users\malen\AppData\Local\Temp\libgdxJuanPa\1cccfb10;C:\Users\malen\AppData\Local\Temp\libgdxJuanPa\dc0f0009;C:\WINDOWS\System32\DriverStore\FileRepository\iigd_dch.inf_amd64_ada2367baaae74c0

VM Arguments:
jvm_args: -javaagent:C:\Program Files\JetBrains\IntelliJ IDEA 2024.1\lib\idea_rt.jar=62708:C:\Program Files\JetBrains\IntelliJ IDEA 2024.1\bin -Dfile.encoding=UTF-8 -Dsun.stdout.encoding=UTF-8 -Dsun.stderr.encoding=UTF-8 
java_command: main.Main
java_class_path (initial): C:\Users\malen\OneDrive\Desktop\Progra\ProyectoPOO\UCAMON-POO-Proyecto\UCAMON\out\production\UCAMON;C:\Users\malen\OneDrive\Desktop\Progra\ProyectoPOO\UCAMON-POO-Proyecto\UCAMON\src\Lib\gdx.jar;C:\Users\malen\OneDrive\Desktop\Progra\ProyectoPOO\UCAMON-POO-Proyecto\UCAMON\src\Lib\gdx-tools.jar;C:\Users\malen\OneDrive\Desktop\Progra\ProyectoPOO\UCAMON-POO-Proyecto\UCAMON\src\Lib\gdx-natives.jar;C:\Users\malen\OneDrive\Desktop\Progra\ProyectoPOO\UCAMON-POO-Proyecto\UCAMON\src\Lib\gdx-sources.jar;C:\Users\malen\OneDrive\Desktop\Progra\ProyectoPOO\UCAMON-POO-Proyecto\UCAMON\src\Lib\gdx-freetype.jar;C:\Users\malen\OneDrive\Desktop\Progra\ProyectoPOO\UCAMON-POO-Proyecto\UCAMON\src\Lib\tween-engine-api.jar;C:\Users\malen\OneDrive\Desktop\Progra\ProyectoPOO\UCAMON-POO-Proyecto\UCAMON\src\Lib\gdx-backend-lwjgl.jar;C:\Users\malen\OneDrive\Desktop\Progra\ProyectoPOO\UCAMON-POO-Proyecto\UCAMON\src\Lib\gdx-freetype-natives.jar;C:\Users\malen\OneDrive\Desktop\Progra\ProyectoPOO\UCAMON-POO-Proyecto\UCAMON\src\Lib\tween-engine-api-sources.jar;C:\Users\malen\OneDrive\Desktop\Progra\ProyectoPOO\UCAMON-POO-Proyecto\UCAMON\src\Lib\gdx-backend-lwjgl-natives.jar
Launcher Type: SUN_STANDARD

[Global flags]
     intx CICompilerCount                          = 3                                         {product} {ergonomic}
     uint ConcGCThreads                            = 1                                         {product} {ergonomic}
     uint G1ConcRefinementThreads                  = 4                                         {product} {ergonomic}
   size_t G1HeapRegionSize                         = 1048576                                   {product} {ergonomic}
    uintx GCDrainStackTargetSize                   = 64                                        {product} {ergonomic}
   size_t InitialHeapSize                          = 130023424                                 {product} {ergonomic}
   size_t MarkStackSize                            = 4194304                                   {product} {ergonomic}
   size_t MaxHeapSize                              = 2065694720                                {product} {ergonomic}
   size_t MaxNewSize                               = 1239416832                                {product} {ergonomic}
   size_t MinHeapDeltaBytes                        = 1048576                                   {product} {ergonomic}
   size_t MinHeapSize                              = 8388608                                   {product} {ergonomic}
    uintx NonNMethodCodeHeapSize                   = 5832780                                {pd product} {ergonomic}
    uintx NonProfiledCodeHeapSize                  = 122912730                              {pd product} {ergonomic}
    uintx ProfiledCodeHeapSize                     = 122912730                              {pd product} {ergonomic}
    uintx ReservedCodeCacheSize                    = 251658240                              {pd product} {ergonomic}
     bool SegmentedCodeCache                       = true                                      {product} {ergonomic}
   size_t SoftMaxHeapSize                          = 2065694720                             {manageable} {ergonomic}
     bool UseCompressedOops                        = true                           {product lp64_product} {ergonomic}
     bool UseG1GC                                  = true                                      {product} {ergonomic}
     bool UseLargePagesIndividualAllocation        = false                                  {pd product} {ergonomic}

Logging:
Log output configuration:
 #0: stdout all=off uptime,level,tags foldmultilines=false
 #1: stderr all=off uptime,level,tags foldmultilines=false

Environment Variables:
JAVA_HOME=C:\Program Files\Java\jdk-21
PATH=C:\Program Files\Common Files\Oracle\Java\javapath;C:\Program Files (x86)\Common Files\Intel\Shared Libraries\redist\intel64\compiler;C:\WINDOWS\system32;C:\WINDOWS;C:\WINDOWS\System32\Wbem;C:\WINDOWS\System32\WindowsPowerShell\v1.0\;C:\WINDOWS\System32\OpenSSH\;C:\Program Files\Git\cmd;C:\msys64\mingw64\bin;C:\Program Files\Java\jdk-21;C:\Program Files (x86)\Microsoft SQL Server\160\Tools\Binn\;C:\Program Files\Microsoft SQL Server\160\Tools\Binn\;C:\Program Files\Microsoft SQL Server\Client SDK\ODBC\170\Tools\Binn\;C:\Program Files\Microsoft SQL Server\160\DTS\Binn\;C:\Program Files (x86)\Microsoft SQL Server\160\DTS\Binn\;C:\Users\malen\AppData\Local\Microsoft\WindowsApps;C:\Users\malen\AppData\Local\Programs\Microsoft VS Code\bin
USERNAME=JuanPa
OS=Windows_NT
PROCESSOR_IDENTIFIER=Intel64 Family 6 Model 126 Stepping 5, GenuineIntel
TMP=C:\Users\malen\AppData\Local\Temp
TEMP=C:\Users\malen\AppData\Local\Temp




Periodic native trim disabled

---------------  S Y S T E M  ---------------

OS:
 Windows 10 , 64 bit Build 19041 (10.0.19041.3636)
OS uptime: 13 days 12:15 hours

CPU: total 4 (initial active 4) (2 cores per cpu, 2 threads per core) family 6 model 126 stepping 5 microcode 0xbc, cx8, cmov, fxsr, ht, mmx, 3dnowpref, sse, sse2, sse3, ssse3, sse4.1, sse4.2, popcnt, lzcnt, tsc, tscinvbit, avx, avx2, aes, erms, clmul, bmi1, bmi2, adx, avx512f, avx512dq, avx512cd, avx512bw, avx512vl, sha, fma, vzeroupper, avx512_vpopcntdq, avx512_vpclmulqdq, avx512_vaes, avx512_vnni, clflush, clflushopt, avx512_vbmi2, avx512_vbmi, rdtscp, rdpid, fsrm, gfni, avx512_bitalg, f16c, pku, avx512_ifma
Processor Information for all 4 processors :
  Max Mhz: 1190, Current Mhz: 1190, Mhz Limit: 1190

Memory: 4k page, system-wide physical 7879M (927M free)
TotalPageFile size 15773M (AvailPageFile size 3227M)
current process WorkingSet (physical memory assigned to process): 118M, peak: 120M
current process commit charge ("private bytes"): 239M, peak: 244M

vm_info: Java HotSpot(TM) 64-Bit Server VM (21.0.2+13-LTS-58) for windows-amd64 JRE (21.0.2+13-LTS-58), built on 2024-01-05T18:32:24Z by "mach5one" with MS VC++ 17.1 (VS2022)

END.
